ERROR | 2026-02-07T17:24:22.6363005Z | Index leader heartbeat stale (127s). Node=WILL-PRECISIONM:11432.
System.InvalidOperationException: Index leader heartbeat stale (127s). Node=WILL-PRECISIONM:11432.
ERROR | 2026-02-07T17:24:27.6382543Z | Failed to write index leader heartbeat.
System.IO.IOException: The process cannot access the file 'C:\source\BareMetalWeb\bin\Debug\net9.0\Data\Index\index.leader.heartbeat.LocalFolderBinary' because it is being used by another process.
   at Microsoft.Win32.SafeHandles.SafeFileHandle.CreateFile(String fullPath, FileMode mode, FileAccess access, FileShare share, FileOptions options)
   at Microsoft.Win32.SafeHandles.SafeFileHandle.Open(String fullPath, FileMode mode, FileAccess access, FileShare share, FileOptions options, Int64 preallocationSize, Nullable`1 unixCreateMode)
   at System.IO.Strategies.OSFileStreamStrategy..ctor(String path, FileMode mode, FileAccess access, FileShare share, FileOptions options, Int64 preallocationSize, Nullable`1 unixCreateMode)
   at System.IO.Strategies.FileStreamHelpers.ChooseStrategyCore(String path, FileMode mode, FileAccess access, FileShare share, FileOptions options, Int64 preallocationSize, Nullable`1 unixCreateMode)
   at System.IO.FileStream..ctor(String path, FileMode mode, FileAccess access, FileShare share)
   at BareMetalWeb.Data.IndexLeader.WriteHeartbeat(Object state) in C:\source\BareMetalWeb\Data\IndexLeadership.cs:line 55
ERROR | 2026-02-07T17:24:32.6467540Z | Failed to write index leader heartbeat.
System.IO.IOException: The process cannot access the file 'C:\source\BareMetalWeb\bin\Debug\net9.0\Data\Index\index.leader.heartbeat.LocalFolderBinary' because it is being used by another process.
   at Microsoft.Win32.SafeHandles.SafeFileHandle.CreateFile(String fullPath, FileMode mode, FileAccess access, FileShare share, FileOptions options)
   at Microsoft.Win32.SafeHandles.SafeFileHandle.Open(String fullPath, FileMode mode, FileAccess access, FileShare share, FileOptions options, Int64 preallocationSize, Nullable`1 unixCreateMode)
   at System.IO.Strategies.OSFileStreamStrategy..ctor(String path, FileMode mode, FileAccess access, FileShare share, FileOptions options, Int64 preallocationSize, Nullable`1 unixCreateMode)
   at System.IO.Strategies.FileStreamHelpers.ChooseStrategyCore(String path, FileMode mode, FileAccess access, FileShare share, FileOptions options, Int64 preallocationSize, Nullable`1 unixCreateMode)
   at System.IO.FileStream..ctor(String path, FileMode mode, FileAccess access, FileShare share)
   at BareMetalWeb.Data.IndexLeader.WriteHeartbeat(Object state) in C:\source\BareMetalWeb\Data\IndexLeadership.cs:line 55
ERROR | 2026-02-07T17:24:37.6413441Z | Failed to write index leader heartbeat.
System.IO.IOException: The process cannot access the file 'C:\source\BareMetalWeb\bin\Debug\net9.0\Data\Index\index.leader.heartbeat.LocalFolderBinary' because it is being used by another process.
   at Microsoft.Win32.SafeHandles.SafeFileHandle.CreateFile(String fullPath, FileMode mode, FileAccess access, FileShare share, FileOptions options)
   at Microsoft.Win32.SafeHandles.SafeFileHandle.Open(String fullPath, FileMode mode, FileAccess access, FileShare share, FileOptions options, Int64 preallocationSize, Nullable`1 unixCreateMode)
   at System.IO.Strategies.OSFileStreamStrategy..ctor(String path, FileMode mode, FileAccess access, FileShare share, FileOptions options, Int64 preallocationSize, Nullable`1 unixCreateMode)
   at System.IO.Strategies.FileStreamHelpers.ChooseStrategyCore(String path, FileMode mode, FileAccess access, FileShare share, FileOptions options, Int64 preallocationSize, Nullable`1 unixCreateMode)
   at System.IO.FileStream..ctor(String path, FileMode mode, FileAccess access, FileShare share)
   at BareMetalWeb.Data.IndexLeader.WriteHeartbeat(Object state) in C:\source\BareMetalWeb\Data\IndexLeadership.cs:line 55
ERROR | 2026-02-07T17:24:42.6444405Z | Failed to write index leader heartbeat.
System.IO.IOException: The process cannot access the file 'C:\source\BareMetalWeb\bin\Debug\net9.0\Data\Index\index.leader.heartbeat.LocalFolderBinary' because it is being used by another process.
   at Microsoft.Win32.SafeHandles.SafeFileHandle.CreateFile(String fullPath, FileMode mode, FileAccess access, FileShare share, FileOptions options)
   at Microsoft.Win32.SafeHandles.SafeFileHandle.Open(String fullPath, FileMode mode, FileAccess access, FileShare share, FileOptions options, Int64 preallocationSize, Nullable`1 unixCreateMode)
   at System.IO.Strategies.OSFileStreamStrategy..ctor(String path, FileMode mode, FileAccess access, FileShare share, FileOptions options, Int64 preallocationSize, Nullable`1 unixCreateMode)
   at System.IO.Strategies.FileStreamHelpers.ChooseStrategyCore(String path, FileMode mode, FileAccess access, FileShare share, FileOptions options, Int64 preallocationSize, Nullable`1 unixCreateMode)
   at System.IO.FileStream..ctor(String path, FileMode mode, FileAccess access, FileShare share)
   at BareMetalWeb.Data.IndexLeader.WriteHeartbeat(Object state) in C:\source\BareMetalWeb\Data\IndexLeadership.cs:line 55
ERROR | 2026-02-07T17:24:42.6450958Z | Index leader heartbeat stale (20s). Node=WILL-PRECISIONM:39164.
System.InvalidOperationException: Index leader heartbeat stale (20s). Node=WILL-PRECISIONM:39164.
ERROR | 2026-02-07T17:24:47.6412009Z | Failed to read index leader heartbeat.
System.IO.IOException: The process cannot access the file 'C:\source\BareMetalWeb\bin\Debug\net9.0\Data\Index\index.leader.heartbeat.LocalFolderBinary' because it is being used by another process.
   at Microsoft.Win32.SafeHandles.SafeFileHandle.CreateFile(String fullPath, FileMode mode, FileAccess access, FileShare share, FileOptions options)
   at Microsoft.Win32.SafeHandles.SafeFileHandle.Open(String fullPath, FileMode mode, FileAccess access, FileShare share, FileOptions options, Int64 preallocationSize, Nullable`1 unixCreateMode)
   at System.IO.Strategies.OSFileStreamStrategy..ctor(String path, FileMode mode, FileAccess access, FileShare share, FileOptions options, Int64 preallocationSize, Nullable`1 unixCreateMode)
   at System.IO.Strategies.FileStreamHelpers.ChooseStrategyCore(String path, FileMode mode, FileAccess access, FileShare share, FileOptions options, Int64 preallocationSize, Nullable`1 unixCreateMode)
   at System.IO.StreamReader.ValidateArgsAndOpenPath(String path, Encoding encoding, Int32 bufferSize)
   at System.IO.File.ReadAllText(String path, Encoding encoding)
   at BareMetalWeb.Data.IndexHeartbeatMonitor.CheckHeartbeat(Object state) in C:\source\BareMetalWeb\Data\IndexLeadership.cs:line 210
ERROR | 2026-02-07T17:24:52.6468313Z | Failed to write index leader heartbeat.
System.IO.IOException: The process cannot access the file 'C:\source\BareMetalWeb\bin\Debug\net9.0\Data\Index\index.leader.heartbeat.LocalFolderBinary' because it is being used by another process.
   at Microsoft.Win32.SafeHandles.SafeFileHandle.CreateFile(String fullPath, FileMode mode, FileAccess access, FileShare share, FileOptions options)
   at Microsoft.Win32.SafeHandles.SafeFileHandle.Open(String fullPath, FileMode mode, FileAccess access, FileShare share, FileOptions options, Int64 preallocationSize, Nullable`1 unixCreateMode)
   at System.IO.Strategies.OSFileStreamStrategy..ctor(String path, FileMode mode, FileAccess access, FileShare share, FileOptions options, Int64 preallocationSize, Nullable`1 unixCreateMode)
   at System.IO.Strategies.FileStreamHelpers.ChooseStrategyCore(String path, FileMode mode, FileAccess access, FileShare share, FileOptions options, Int64 preallocationSize, Nullable`1 unixCreateMode)
   at System.IO.FileStream..ctor(String path, FileMode mode, FileAccess access, FileShare share)
   at BareMetalWeb.Data.IndexLeader.WriteHeartbeat(Object state) in C:\source\BareMetalWeb\Data\IndexLeadership.cs:line 55
ERROR | 2026-02-07T17:24:57.6462583Z | Failed to read index leader heartbeat.
System.IO.IOException: The process cannot access the file 'C:\source\BareMetalWeb\bin\Debug\net9.0\Data\Index\index.leader.heartbeat.LocalFolderBinary' because it is being used by another process.
   at Microsoft.Win32.SafeHandles.SafeFileHandle.CreateFile(String fullPath, FileMode mode, FileAccess access, FileShare share, FileOptions options)
   at Microsoft.Win32.SafeHandles.SafeFileHandle.Open(String fullPath, FileMode mode, FileAccess access, FileShare share, FileOptions options, Int64 preallocationSize, Nullable`1 unixCreateMode)
   at System.IO.Strategies.OSFileStreamStrategy..ctor(String path, FileMode mode, FileAccess access, FileShare share, FileOptions options, Int64 preallocationSize, Nullable`1 unixCreateMode)
   at System.IO.Strategies.FileStreamHelpers.ChooseStrategyCore(String path, FileMode mode, FileAccess access, FileShare share, FileOptions options, Int64 preallocationSize, Nullable`1 unixCreateMode)
   at System.IO.StreamReader.ValidateArgsAndOpenPath(String path, Encoding encoding, Int32 bufferSize)
   at System.IO.File.ReadAllText(String path, Encoding encoding)
   at BareMetalWeb.Data.IndexHeartbeatMonitor.CheckHeartbeat(Object state) in C:\source\BareMetalWeb\Data\IndexLeadership.cs:line 210
