ERROR | 2026-02-07T17:22:15.0970525Z | Index leader heartbeat missing.
System.InvalidOperationException: Index leader heartbeat missing.
ERROR | 2026-02-07T17:22:20.0993601Z | Failed to write index leader heartbeat.
System.IO.IOException: The process cannot access the file 'C:\source\BareMetalWeb\bin\Debug\net9.0\Data\Index\index.leader.heartbeat.LocalFolderBinary' because it is being used by another process.
   at Microsoft.Win32.SafeHandles.SafeFileHandle.CreateFile(String fullPath, FileMode mode, FileAccess access, FileShare share, FileOptions options)
   at Microsoft.Win32.SafeHandles.SafeFileHandle.Open(String fullPath, FileMode mode, FileAccess access, FileShare share, FileOptions options, Int64 preallocationSize, Nullable`1 unixCreateMode)
   at System.IO.Strategies.OSFileStreamStrategy..ctor(String path, FileMode mode, FileAccess access, FileShare share, FileOptions options, Int64 preallocationSize, Nullable`1 unixCreateMode)
   at System.IO.Strategies.FileStreamHelpers.ChooseStrategyCore(String path, FileMode mode, FileAccess access, FileShare share, FileOptions options, Int64 preallocationSize, Nullable`1 unixCreateMode)
   at System.IO.FileStream..ctor(String path, FileMode mode, FileAccess access, FileShare share)
   at BareMetalWeb.Data.IndexLeader.WriteHeartbeat(Object state) in C:\source\BareMetalWeb\Data\IndexLeadership.cs:line 55
ERROR | 2026-02-07T17:22:25.0934477Z | Failed to write index leader heartbeat.
System.IO.IOException: The process cannot access the file 'C:\source\BareMetalWeb\bin\Debug\net9.0\Data\Index\index.leader.heartbeat.LocalFolderBinary' because it is being used by another process.
   at Microsoft.Win32.SafeHandles.SafeFileHandle.CreateFile(String fullPath, FileMode mode, FileAccess access, FileShare share, FileOptions options)
   at Microsoft.Win32.SafeHandles.SafeFileHandle.Open(String fullPath, FileMode mode, FileAccess access, FileShare share, FileOptions options, Int64 preallocationSize, Nullable`1 unixCreateMode)
   at System.IO.Strategies.OSFileStreamStrategy..ctor(String path, FileMode mode, FileAccess access, FileShare share, FileOptions options, Int64 preallocationSize, Nullable`1 unixCreateMode)
   at System.IO.Strategies.FileStreamHelpers.ChooseStrategyCore(String path, FileMode mode, FileAccess access, FileShare share, FileOptions options, Int64 preallocationSize, Nullable`1 unixCreateMode)
   at System.IO.FileStream..ctor(String path, FileMode mode, FileAccess access, FileShare share)
   at BareMetalWeb.Data.IndexLeader.WriteHeartbeat(Object state) in C:\source\BareMetalWeb\Data\IndexLeadership.cs:line 55
ERROR | 2026-02-07T17:22:30.1035167Z | Failed to write index leader heartbeat.
System.IO.IOException: The process cannot access the file 'C:\source\BareMetalWeb\bin\Debug\net9.0\Data\Index\index.leader.heartbeat.LocalFolderBinary' because it is being used by another process.
   at Microsoft.Win32.SafeHandles.SafeFileHandle.CreateFile(String fullPath, FileMode mode, FileAccess access, FileShare share, FileOptions options)
   at Microsoft.Win32.SafeHandles.SafeFileHandle.Open(String fullPath, FileMode mode, FileAccess access, FileShare share, FileOptions options, Int64 preallocationSize, Nullable`1 unixCreateMode)
   at System.IO.Strategies.OSFileStreamStrategy..ctor(String path, FileMode mode, FileAccess access, FileShare share, FileOptions options, Int64 preallocationSize, Nullable`1 unixCreateMode)
   at System.IO.Strategies.FileStreamHelpers.ChooseStrategyCore(String path, FileMode mode, FileAccess access, FileShare share, FileOptions options, Int64 preallocationSize, Nullable`1 unixCreateMode)
   at System.IO.FileStream..ctor(String path, FileMode mode, FileAccess access, FileShare share)
   at BareMetalWeb.Data.IndexLeader.WriteHeartbeat(Object state) in C:\source\BareMetalWeb\Data\IndexLeadership.cs:line 55
ERROR | 2026-02-07T17:22:35.1021960Z | Index leader heartbeat stale (20s). Node=WILL-PRECISIONM:11432.
System.InvalidOperationException: Index leader heartbeat stale (20s). Node=WILL-PRECISIONM:11432.
heartbeat.LocalFolderBinary' because it is being used by another process.
   at Microsoft.Win32.SafeHandles.SafeFileHandle.CreateFile(String fullPath, FileMode mode, FileAccess access, FileShare share, FileOptions options)
   at Microsoft.Win32.SafeHandles.SafeFileHandle.Open(String fullPath, FileMode mode, FileAccess access, FileShare share, FileOptions options, Int64 preallocationSize, Nullable`1 unixCreateMode)
   at System.IO.Strategies.OSFileStreamStrategy..ctor(String path, FileMode mode, FileAccess access, FileShare share, FileOptions options, Int64 preallocationSize, Nullable`1 unixCreateMode)
   at System.IO.Strategies.FileStreamHelpers.ChooseStrategyCore(String path, FileMode mode, FileAccess access, FileShare share, FileOptions options, Int64 preallocationSize, Nullable`1 unixCreateMode)
   at System.IO.FileStream..ctor(String path, FileMode mode, FileAccess access, FileShare share)
   at BareMetalWeb.Data.IndexLeader.WriteHeartbeat(Object state) in C:\source\BareMetalWeb\Data\IndexLeadership.cs:line 55
ERROR | 2026-02-07T17:22:40.0919724Z | Failed to write index leader heartbeat.
System.IO.IOException: The process cannot access the file 'C:\source\BareMetalWeb\bin\Debug\net9.0\Data\Index\index.leader.heartbeat.LocalFolderBinary' because it is being used by another process.
   at Microsoft.Win32.SafeHandles.SafeFileHandle.CreateFile(String fullPath, FileMode mode, FileAccess access, FileShare share, FileOptions options)
   at Microsoft.Win32.SafeHandles.SafeFileHandle.Open(String fullPath, FileMode mode, FileAccess access, FileShare share, FileOptions options, Int64 preallocationSize, Nullable`1 unixCreateMode)
   at System.IO.Strategies.OSFileStreamStrategy..ctor(String path, FileMode mode, FileAccess access, FileShare share, FileOptions options, Int64 preallocationSize, Nullable`1 unixCreateMode)
   at System.IO.Strategies.FileStreamHelpers.ChooseStrategyCore(String path, FileMode mode, FileAccess access, FileShare share, FileOptions options, Int64 preallocationSize, Nullable`1 unixCreateMode)
   at System.IO.FileStream..ctor(String path, FileMode mode, FileAccess access, FileShare share)
   at BareMetalWeb.Data.IndexLeader.WriteHeartbeat(Object state) in C:\source\BareMetalWeb\Data\IndexLeadership.cs:line 55
