INFO | 2026-02-07T17:24:22.6277641Z | Starting BareMetalWeb server...
INFO | 2026-02-07T17:24:22.6350352Z | Index leader elected: WILL-PRECISIONM:39164 (storage=LocalFolderBinary).
INFO | 2026-02-07T17:24:22.6362258Z | Index recovery scanned=0, locked=0, skipped=0.
INFO | 2026-02-07T17:24:22.7893832Z | Route registered: ALL /proxy/{*proxyPath} with handler HandleAsync
INFO | 2026-02-07T17:24:22.7893960Z | Route registered: GET /proxy/status with handler <ConfigureProxyRoutes>b__0
INFO | 2026-02-07T17:24:22.7894077Z | Route registered: GET / with handler DefaultPageHandler
INFO | 2026-02-07T17:24:22.7897925Z | Route registered: GET /metrics with handler <BuildPageHandler>b__0
INFO | 2026-02-07T17:24:22.7898016Z | Route registered: GET /metrics/json with handler MetricsJsonHandler
INFO | 2026-02-07T17:24:22.7898055Z | Route registered: GET /admin/logs with handler LogsViewerHandler
INFO | 2026-02-07T17:24:22.7898105Z | Route registered: GET /admin/logs/prune with handler LogsPruneHandler
INFO | 2026-02-07T17:24:22.7898162Z | Route registered: POST /admin/logs/prune with handler LogsPrunePostHandler
INFO | 2026-02-07T17:24:22.7898289Z | Route registered: GET /admin/logs/download with handler LogsDownloadHandler
INFO | 2026-02-07T17:24:22.7898320Z | Route registered: GET /admin/sample-data with handler SampleDataHandler
INFO | 2026-02-07T17:24:22.7898350Z | Route registered: POST /admin/sample-data with handler SampleDataPostHandler
INFO | 2026-02-07T17:24:22.7898394Z | Route registered: GET /topips with handler <BuildPageHandler>b__0
INFO | 2026-02-07T17:24:22.7898409Z | Route registered: GET /suspiciousips with handler <BuildPageHandler>b__0
INFO | 2026-02-07T17:24:22.7898435Z | Route registered: GET /login with handler LoginHandler
INFO | 2026-02-07T17:24:22.7898466Z | Route registered: POST /login with handler LoginPostHandler
INFO | 2026-02-07T17:24:22.7898508Z | Route registered: GET /mfa with handler MfaChallengeHandler
INFO | 2026-02-07T17:24:22.7898532Z | Route registered: POST /mfa with handler MfaChallengePostHandler
INFO | 2026-02-07T17:24:22.7898564Z | Route registered: GET /register with handler RegisterHandler
INFO | 2026-02-07T17:24:22.7898588Z | Route registered: POST /register with handler RegisterPostHandler
INFO | 2026-02-07T17:24:22.7898611Z | Route registered: GET /logout with handler LogoutHandler
INFO | 2026-02-07T17:24:22.7898648Z | Route registered: POST /logout with handler LogoutPostHandler
INFO | 2026-02-07T17:24:22.7898684Z | Route registered: GET /account with handler AccountHandler
INFO | 2026-02-07T17:24:22.7898721Z | Route registered: GET /account/mfa with handler MfaStatusHandler
INFO | 2026-02-07T17:24:22.7898778Z | Route registered: GET /account/mfa/setup with handler MfaSetupHandler
INFO | 2026-02-07T17:24:22.7898813Z | Route registered: POST /account/mfa/setup with handler MfaSetupPostHandler
INFO | 2026-02-07T17:24:22.7898848Z | Route registered: GET /account/mfa/reset with handler MfaResetHandler
INFO | 2026-02-07T17:24:22.7898884Z | Route registered: POST /account/mfa/reset with handler MfaResetPostHandler
INFO | 2026-02-07T17:24:22.7898922Z | Route registered: GET /setup with handler SetupHandler
INFO | 2026-02-07T17:24:22.7898968Z | Route registered: POST /setup with handler SetupPostHandler
INFO | 2026-02-07T17:24:22.7899006Z | Route registered: GET /admin/data with handler DataEntitiesHandler
INFO | 2026-02-07T17:24:22.7899062Z | Route registered: GET /admin/data/{type} with handler DataListHandler
INFO | 2026-02-07T17:24:22.7899100Z | Route registered: GET /admin/data/{type}/csv with handler DataListCsvHandler
INFO | 2026-02-07T17:24:22.7899137Z | Route registered: GET /admin/data/{type}/html with handler DataListHtmlHandler
INFO | 2026-02-07T17:24:22.7899171Z | Route registered: GET /admin/data/{type}/import with handler DataImportHandler
INFO | 2026-02-07T17:24:22.7899209Z | Route registered: POST /admin/data/{type}/import with handler DataImportPostHandler
INFO | 2026-02-07T17:24:22.7899246Z | Route registered: GET /admin/data/{type}/create with handler DataCreateHandler
INFO | 2026-02-07T17:24:22.7899294Z | Route registered: POST /admin/data/{type}/create with handler DataCreatePostHandler
INFO | 2026-02-07T17:24:22.7899346Z | Route registered: GET /admin/data/{type}/{id} with handler DataViewHandler
INFO | 2026-02-07T17:24:22.7899386Z | Route registered: GET /admin/data/{type}/{id}/rtf with handler DataViewRtfHandler
INFO | 2026-02-07T17:24:22.7899429Z | Route registered: GET /admin/data/{type}/{id}/html with handler DataViewHtmlHandler
INFO | 2026-02-07T17:24:22.7899497Z | Route registered: GET /admin/data/{type}/{id}/edit with handler DataEditHandler
INFO | 2026-02-07T17:24:22.7899525Z | Route registered: POST /admin/data/{type}/{id}/edit with handler DataEditPostHandler
INFO | 2026-02-07T17:24:22.7899552Z | Route registered: POST /admin/data/{type}/{id}/clone with handler DataClonePostHandler
INFO | 2026-02-07T17:24:22.7899581Z | Route registered: POST /admin/data/{type}/{id}/clone-edit with handler DataCloneEditPostHandler
INFO | 2026-02-07T17:24:22.7899636Z | Route registered: GET /admin/data/{type}/{id}/delete with handler DataDeleteHandler
INFO | 2026-02-07T17:24:22.7899682Z | Route registered: POST /admin/data/{type}/{id}/delete with handler DataDeletePostHandler
INFO | 2026-02-07T17:24:22.7899713Z | Route registered: GET /api/{type} with handler DataApiListHandler
INFO | 2026-02-07T17:24:22.7899745Z | Route registered: POST /api/{type} with handler DataApiPostHandler
INFO | 2026-02-07T17:24:22.7899781Z | Route registered: GET /api/{type}/{id} with handler DataApiGetHandler
INFO | 2026-02-07T17:24:22.7899810Z | Route registered: PUT /api/{type}/{id} with handler DataApiPutHandler
INFO | 2026-02-07T17:24:22.7899840Z | Route registered: PATCH /api/{type}/{id} with handler DataApiPatchHandler
INFO | 2026-02-07T17:24:22.7899870Z | Route registered: DELETE /api/{type}/{id} with handler DataApiDeleteHandler
INFO | 2026-02-07T17:24:22.7899897Z | Route registered: GET /admin/reload-templates with handler ReloadTemplatesHandler
INFO | 2026-02-07T17:24:22.7899912Z | Route registered: GET /status with handler <BuildPageHandler>b__0
INFO | 2026-02-07T17:24:22.7899936Z | Route registered: GET /statusRaw with handler TimeRawHandler
INFO | 2026-02-07T17:24:22.8010732Z | ClientRequestTracker pruning loop starting.
INFO | 2026-02-07T17:24:22.8026393Z | WireUpRequestHandlingAndLoggerAsyncLifetime completed and request handling is live.
INFO | 2026-02-07T17:24:22.8246158Z | BareMetalWeb server is ready - listening for requests on http://localhost:5045
INFO | 2026-02-07T17:24:22.8260842Z | HTTPS redirect settings: mode=Off, trustForwardedHeaders=False, redirectHost=(auto), redirectPort=(auto)
INFO | 2026-02-07T17:24:22.8263368Z | HTTPS endpoint not configured. Configure HTTPS (ASPNETCORE_URLS / Kestrel) to expose an https:// address.
INFO | 2026-02-07T17:24:27.6381207Z | Index leader heartbeat healthy. Node=WILL-PRECISIONM:39164.
INFO | 2026-02-07T17:24:52.6469431Z | Index leader heartbeat healthy. Node=WILL-PRECISIONM:39164.
