INFO | 2026-02-12T04:48:23.9022171Z | Starting BareMetalWeb server...
INFO | 2026-02-12T04:48:25.6272016Z | Route registered: GET / with handler DefaultPageHandler
INFO | 2026-02-12T04:48:25.6274244Z | Route registered: GET /metrics with handler <BuildPageHandler>b__0
INFO | 2026-02-12T04:48:25.6275714Z | Route registered: GET /metrics/json with handler MetricsJsonHandler
INFO | 2026-02-12T04:48:25.6279755Z | Route registered: GET /admin/logs with handler LogsViewerHandler
INFO | 2026-02-12T04:48:25.6279911Z | Route registered: GET /admin/logs/prune with handler LogsPruneHandler
INFO | 2026-02-12T04:48:25.6280039Z | Route registered: POST /admin/logs/prune with handler LogsPrunePostHandler
INFO | 2026-02-12T04:48:25.6280219Z | Route registered: GET /admin/logs/download with handler LogsDownloadHandler
INFO | 2026-02-12T04:48:25.6280284Z | Route registered: GET /admin/sample-data with handler SampleDataHandler
INFO | 2026-02-12T04:48:25.6280334Z | Route registered: POST /admin/sample-data with handler SampleDataPostHandler
INFO | 2026-02-12T04:48:25.6280386Z | Route registered: GET /topips with handler <BuildPageHandler>b__0
INFO | 2026-02-12T04:48:25.6280475Z | Route registered: GET /suspiciousips with handler <BuildPageHandler>b__0
INFO | 2026-02-12T04:48:25.6280517Z | Route registered: GET /login with handler LoginHandler
INFO | 2026-02-12T04:48:25.6280579Z | Route registered: POST /login with handler LoginPostHandler
INFO | 2026-02-12T04:48:25.6280616Z | Route registered: GET /mfa with handler MfaChallengeHandler
INFO | 2026-02-12T04:48:25.6280650Z | Route registered: POST /mfa with handler MfaChallengePostHandler
INFO | 2026-02-12T04:48:25.6280761Z | Route registered: GET /logout with handler LogoutHandler
INFO | 2026-02-12T04:48:25.6280800Z | Route registered: POST /logout with handler LogoutPostHandler
INFO | 2026-02-12T04:48:25.6280846Z | Route registered: GET /account with handler AccountHandler
INFO | 2026-02-12T04:48:25.6280904Z | Route registered: GET /account/mfa with handler MfaStatusHandler
INFO | 2026-02-12T04:48:25.6280938Z | Route registered: GET /account/mfa/setup with handler MfaSetupHandler
INFO | 2026-02-12T04:48:25.6281153Z | Route registered: POST /account/mfa/setup with handler MfaSetupPostHandler
INFO | 2026-02-12T04:48:25.6281190Z | Route registered: GET /account/mfa/reset with handler MfaResetHandler
INFO | 2026-02-12T04:48:25.6281224Z | Route registered: POST /account/mfa/reset with handler MfaResetPostHandler
INFO | 2026-02-12T04:48:25.6281258Z | Route registered: GET /setup with handler SetupHandler
INFO | 2026-02-12T04:48:25.6281290Z | Route registered: POST /setup with handler SetupPostHandler
INFO | 2026-02-12T04:48:25.6281328Z | Route registered: GET /admin/data with handler DataEntitiesHandler
INFO | 2026-02-12T04:48:25.6281392Z | Route registered: GET /admin/data/{type} with handler DataListHandler
INFO | 2026-02-12T04:48:25.6281447Z | Route registered: GET /admin/data/{type}/csv with handler DataListCsvHandler
INFO | 2026-02-12T04:48:25.6281608Z | Route registered: GET /admin/data/{type}/html with handler DataListHtmlHandler
INFO | 2026-02-12T04:48:25.6281698Z | Route registered: GET /admin/data/{type}/import with handler DataImportHandler
INFO | 2026-02-12T04:48:25.6281778Z | Route registered: POST /admin/data/{type}/import with handler DataImportPostHandler
INFO | 2026-02-12T04:48:25.6281846Z | Route registered: GET /admin/data/{type}/create with handler DataCreateHandler
INFO | 2026-02-12T04:48:25.6281890Z | Route registered: POST /admin/data/{type}/create with handler DataCreatePostHandler
INFO | 2026-02-12T04:48:25.6281928Z | Route registered: GET /admin/data/{type}/{id} with handler DataViewHandler
INFO | 2026-02-12T04:48:25.6281965Z | Route registered: GET /admin/data/{type}/{id}/rtf with handler DataViewRtfHandler
INFO | 2026-02-12T04:48:25.6282084Z | Route registered: GET /admin/data/{type}/{id}/html with handler DataViewHtmlHandler
INFO | 2026-02-12T04:48:25.6282124Z | Route registered: GET /admin/data/{type}/{id}/edit with handler DataEditHandler
INFO | 2026-02-12T04:48:25.6282178Z | Route registered: POST /admin/data/{type}/{id}/edit with handler DataEditPostHandler
INFO | 2026-02-12T04:48:25.6282217Z | Route registered: POST /admin/data/{type}/{id}/clone with handler DataClonePostHandler
INFO | 2026-02-12T04:48:25.6282307Z | Route registered: POST /admin/data/{type}/{id}/clone-edit with handler DataCloneEditPostHandler
INFO | 2026-02-12T04:48:25.6282353Z | Route registered: GET /admin/data/{type}/{id}/delete with handler DataDeleteHandler
INFO | 2026-02-12T04:48:25.6282394Z | Route registered: POST /admin/data/{type}/{id}/delete with handler DataDeletePostHandler
INFO | 2026-02-12T04:48:25.6282435Z | Route registered: GET /api/{type} with handler DataApiListHandler
INFO | 2026-02-12T04:48:25.6282475Z | Route registered: POST /api/{type} with handler DataApiPostHandler
INFO | 2026-02-12T04:48:25.6282519Z | Route registered: GET /api/{type}/{id} with handler DataApiGetHandler
INFO | 2026-02-12T04:48:25.6282558Z | Route registered: PUT /api/{type}/{id} with handler DataApiPutHandler
INFO | 2026-02-12T04:48:25.6282597Z | Route registered: PATCH /api/{type}/{id} with handler DataApiPatchHandler
INFO | 2026-02-12T04:48:25.6282687Z | Route registered: DELETE /api/{type}/{id} with handler DataApiDeleteHandler
INFO | 2026-02-12T04:48:25.6282725Z | Route registered: GET /admin/reload-templates with handler ReloadTemplatesHandler
INFO | 2026-02-12T04:48:25.6282745Z | Route registered: GET /status with handler <BuildPageHandler>b__0
INFO | 2026-02-12T04:48:25.6282776Z | Route registered: GET /statusRaw with handler TimeRawHandler
INFO | 2026-02-12T04:48:25.6531066Z | ClientRequestTracker pruning loop starting.
INFO | 2026-02-12T04:48:25.6557679Z | WireUpRequestHandlingAndLoggerAsyncLifetime completed and request handling is live.
INFO | 2026-02-12T04:48:25.7034625Z | BareMetalWeb server is ready - listening for requests on http://localhost:5232
INFO | 2026-02-12T04:48:25.7054459Z | HTTPS redirect settings: mode=IfAvailable, trustForwardedHeaders=False, redirectHost=(auto), redirectPort=(auto)
INFO | 2026-02-12T04:48:25.7066582Z | HTTPS endpoint not configured. Configure HTTPS (ASPNETCORE_URLS / Kestrel) to expose an https:// address.
