INFO | 2026-02-11T23:14:54.3586654Z | Starting BareMetalWeb server...
INFO | 2026-02-11T23:14:54.7208216Z | Route registered: GET / with handler DefaultPageHandler
INFO | 2026-02-11T23:14:54.7209888Z | Route registered: GET /metrics with handler <BuildPageHandler>b__0
INFO | 2026-02-11T23:14:54.7211022Z | Route registered: GET /metrics/json with handler MetricsJsonHandler
INFO | 2026-02-11T23:14:54.7214330Z | Route registered: GET /admin/logs with handler LogsViewerHandler
INFO | 2026-02-11T23:14:54.7214448Z | Route registered: GET /admin/logs/prune with handler LogsPruneHandler
INFO | 2026-02-11T23:14:54.7214555Z | Route registered: POST /admin/logs/prune with handler LogsPrunePostHandler
INFO | 2026-02-11T23:14:54.7214633Z | Route registered: GET /admin/logs/download with handler LogsDownloadHandler
INFO | 2026-02-11T23:14:54.7214692Z | Route registered: GET /admin/sample-data with handler SampleDataHandler
INFO | 2026-02-11T23:14:54.7214732Z | Route registered: POST /admin/sample-data with handler SampleDataPostHandler
INFO | 2026-02-11T23:14:54.7215732Z | Route registered: GET /topips with handler <BuildPageHandler>b__0
INFO | 2026-02-11T23:14:54.7215777Z | Route registered: GET /suspiciousips with handler <BuildPageHandler>b__0
INFO | 2026-02-11T23:14:54.7215822Z | Route registered: GET /login with handler LoginHandler
INFO | 2026-02-11T23:14:54.7215863Z | Route registered: POST /login with handler LoginPostHandler
INFO | 2026-02-11T23:14:54.7215929Z | Route registered: GET /mfa with handler MfaChallengeHandler
INFO | 2026-02-11T23:14:54.7215965Z | Route registered: POST /mfa with handler MfaChallengePostHandler
INFO | 2026-02-11T23:14:54.7216091Z | Route registered: GET /logout with handler LogoutHandler
INFO | 2026-02-11T23:14:54.7216153Z | Route registered: POST /logout with handler LogoutPostHandler
INFO | 2026-02-11T23:14:54.7216193Z | Route registered: GET /account with handler AccountHandler
INFO | 2026-02-11T23:14:54.7216244Z | Route registered: GET /account/mfa with handler MfaStatusHandler
INFO | 2026-02-11T23:14:54.7216290Z | Route registered: GET /account/mfa/setup with handler MfaSetupHandler
INFO | 2026-02-11T23:14:54.7216323Z | Route registered: POST /account/mfa/setup with handler MfaSetupPostHandler
INFO | 2026-02-11T23:14:54.7216355Z | Route registered: GET /account/mfa/reset with handler MfaResetHandler
INFO | 2026-02-11T23:14:54.7216389Z | Route registered: POST /account/mfa/reset with handler MfaResetPostHandler
INFO | 2026-02-11T23:14:54.7216422Z | Route registered: GET /setup with handler SetupHandler
INFO | 2026-02-11T23:14:54.7216454Z | Route registered: POST /setup with handler SetupPostHandler
INFO | 2026-02-11T23:14:54.7216492Z | Route registered: GET /admin/data with handler DataEntitiesHandler
INFO | 2026-02-11T23:14:54.7216546Z | Route registered: GET /admin/data/{type} with handler DataListHandler
INFO | 2026-02-11T23:14:54.7216593Z | Route registered: GET /admin/data/{type}/csv with handler DataListCsvHandler
INFO | 2026-02-11T23:14:54.7216625Z | Route registered: GET /admin/data/{type}/html with handler DataListHtmlHandler
INFO | 2026-02-11T23:14:54.7216660Z | Route registered: GET /admin/data/{type}/import with handler DataImportHandler
INFO | 2026-02-11T23:14:54.7216696Z | Route registered: POST /admin/data/{type}/import with handler DataImportPostHandler
INFO | 2026-02-11T23:14:54.7216761Z | Route registered: GET /admin/data/{type}/create with handler DataCreateHandler
INFO | 2026-02-11T23:14:54.7216823Z | Route registered: POST /admin/data/{type}/create with handler DataCreatePostHandler
INFO | 2026-02-11T23:14:54.7216859Z | Route registered: GET /admin/data/{type}/{id} with handler DataViewHandler
INFO | 2026-02-11T23:14:54.7216903Z | Route registered: GET /admin/data/{type}/{id}/rtf with handler DataViewRtfHandler
INFO | 2026-02-11T23:14:54.7216939Z | Route registered: GET /admin/data/{type}/{id}/html with handler DataViewHtmlHandler
INFO | 2026-02-11T23:14:54.7216999Z | Route registered: GET /admin/data/{type}/{id}/edit with handler DataEditHandler
INFO | 2026-02-11T23:14:54.7217047Z | Route registered: POST /admin/data/{type}/{id}/edit with handler DataEditPostHandler
INFO | 2026-02-11T23:14:54.7217089Z | Route registered: POST /admin/data/{type}/{id}/clone with handler DataClonePostHandler
INFO | 2026-02-11T23:14:54.7217127Z | Route registered: POST /admin/data/{type}/{id}/clone-edit with handler DataCloneEditPostHandler
INFO | 2026-02-11T23:14:54.7217165Z | Route registered: GET /admin/data/{type}/{id}/delete with handler DataDeleteHandler
INFO | 2026-02-11T23:14:54.7217205Z | Route registered: POST /admin/data/{type}/{id}/delete with handler DataDeletePostHandler
INFO | 2026-02-11T23:14:54.7217243Z | Route registered: GET /api/{type} with handler DataApiListHandler
INFO | 2026-02-11T23:14:54.7217278Z | Route registered: POST /api/{type} with handler DataApiPostHandler
INFO | 2026-02-11T23:14:54.7217314Z | Route registered: GET /api/{type}/{id} with handler DataApiGetHandler
INFO | 2026-02-11T23:14:54.7217350Z | Route registered: PUT /api/{type}/{id} with handler DataApiPutHandler
INFO | 2026-02-11T23:14:54.7217396Z | Route registered: PATCH /api/{type}/{id} with handler DataApiPatchHandler
INFO | 2026-02-11T23:14:54.7217434Z | Route registered: DELETE /api/{type}/{id} with handler DataApiDeleteHandler
INFO | 2026-02-11T23:14:54.7217469Z | Route registered: GET /admin/reload-templates with handler ReloadTemplatesHandler
INFO | 2026-02-11T23:14:54.7217488Z | Route registered: GET /status with handler <BuildPageHandler>b__0
INFO | 2026-02-11T23:14:54.7217518Z | Route registered: GET /statusRaw with handler TimeRawHandler
INFO | 2026-02-11T23:14:54.7427626Z | ClientRequestTracker pruning loop starting.
INFO | 2026-02-11T23:14:54.7447183Z | WireUpRequestHandlingAndLoggerAsyncLifetime completed and request handling is live.
INFO | 2026-02-11T23:14:54.7739157Z | BareMetalWeb server is ready - listening for requests on http://localhost:5232
INFO | 2026-02-11T23:14:54.7756506Z | HTTPS redirect settings: mode=IfAvailable, trustForwardedHeaders=False, redirectHost=(auto), redirectPort=(auto)
INFO | 2026-02-11T23:14:54.7759928Z | HTTPS endpoint not configured. Configure HTTPS (ASPNETCORE_URLS / Kestrel) to expose an https:// address.
INFO | 2026-02-11T23:17:22.6068727Z | Log segment complete; cycling to next segment.
