INFO | 2026-02-11T23:12:41.4722372Z | Starting BareMetalWeb server...
INFO | 2026-02-11T23:12:41.8953923Z | Route registered: GET / with handler DefaultPageHandler
INFO | 2026-02-11T23:12:41.8955634Z | Route registered: GET /metrics with handler <BuildPageHandler>b__0
INFO | 2026-02-11T23:12:41.8956820Z | Route registered: GET /metrics/json with handler MetricsJsonHandler
INFO | 2026-02-11T23:12:41.8960487Z | Route registered: GET /admin/logs with handler LogsViewerHandler
INFO | 2026-02-11T23:12:41.8960638Z | Route registered: GET /admin/logs/prune with handler LogsPruneHandler
INFO | 2026-02-11T23:12:41.8960747Z | Route registered: POST /admin/logs/prune with handler LogsPrunePostHandler
INFO | 2026-02-11T23:12:41.8960829Z | Route registered: GET /admin/logs/download with handler LogsDownloadHandler
INFO | 2026-02-11T23:12:41.8960884Z | Route registered: GET /admin/sample-data with handler SampleDataHandler
INFO | 2026-02-11T23:12:41.8960923Z | Route registered: POST /admin/sample-data with handler SampleDataPostHandler
INFO | 2026-02-11T23:12:41.8960963Z | Route registered: GET /topips with handler <BuildPageHandler>b__0
INFO | 2026-02-11T23:12:41.8960982Z | Route registered: GET /suspiciousips with handler <BuildPageHandler>b__0
INFO | 2026-02-11T23:12:41.8961024Z | Route registered: GET /login with handler LoginHandler
INFO | 2026-02-11T23:12:41.8961054Z | Route registered: POST /login with handler LoginPostHandler
INFO | 2026-02-11T23:12:41.8961112Z | Route registered: GET /mfa with handler MfaChallengeHandler
INFO | 2026-02-11T23:12:41.8961146Z | Route registered: POST /mfa with handler MfaChallengePostHandler
INFO | 2026-02-11T23:12:41.8961177Z | Route registered: GET /logout with handler LogoutHandler
INFO | 2026-02-11T23:12:41.8961210Z | Route registered: POST /logout with handler LogoutPostHandler
INFO | 2026-02-11T23:12:41.8961254Z | Route registered: GET /account with handler AccountHandler
INFO | 2026-02-11T23:12:41.8961303Z | Route registered: GET /account/mfa with handler MfaStatusHandler
INFO | 2026-02-11T23:12:41.8961334Z | Route registered: GET /account/mfa/setup with handler MfaSetupHandler
INFO | 2026-02-11T23:12:41.8961365Z | Route registered: POST /account/mfa/setup with handler MfaSetupPostHandler
INFO | 2026-02-11T23:12:41.8961396Z | Route registered: GET /account/mfa/reset with handler MfaResetHandler
INFO | 2026-02-11T23:12:41.8961428Z | Route registered: POST /account/mfa/reset with handler MfaResetPostHandler
INFO | 2026-02-11T23:12:41.8961459Z | Route registered: GET /setup with handler SetupHandler
INFO | 2026-02-11T23:12:41.8961491Z | Route registered: POST /setup with handler SetupPostHandler
INFO | 2026-02-11T23:12:41.8961543Z | Route registered: GET /admin/data with handler DataEntitiesHandler
INFO | 2026-02-11T23:12:41.8961598Z | Route registered: GET /admin/data/{type} with handler DataListHandler
INFO | 2026-02-11T23:12:41.8961631Z | Route registered: GET /admin/data/{type}/csv with handler DataListCsvHandler
INFO | 2026-02-11T23:12:41.8961664Z | Route registered: GET /admin/data/{type}/html with handler DataListHtmlHandler
INFO | 2026-02-11T23:12:41.8961698Z | Route registered: GET /admin/data/{type}/import with handler DataImportHandler
INFO | 2026-02-11T23:12:41.8961734Z | Route registered: POST /admin/data/{type}/import with handler DataImportPostHandler
INFO | 2026-02-11T23:12:41.8961798Z | Route registered: GET /admin/data/{type}/create with handler DataCreateHandler
INFO | 2026-02-11T23:12:41.8961857Z | Route registered: POST /admin/data/{type}/create with handler DataCreatePostHandler
INFO | 2026-02-11T23:12:41.8961892Z | Route registered: GET /admin/data/{type}/{id} with handler DataViewHandler
INFO | 2026-02-11T23:12:41.8961926Z | Route registered: GET /admin/data/{type}/{id}/rtf with handler DataViewRtfHandler
INFO | 2026-02-11T23:12:41.8961961Z | Route registered: GET /admin/data/{type}/{id}/html with handler DataViewHtmlHandler
INFO | 2026-02-11T23:12:41.8962019Z | Route registered: GET /admin/data/{type}/{id}/edit with handler DataEditHandler
INFO | 2026-02-11T23:12:41.8962074Z | Route registered: POST /admin/data/{type}/{id}/edit with handler DataEditPostHandler
INFO | 2026-02-11T23:12:41.8962109Z | Route registered: POST /admin/data/{type}/{id}/clone with handler DataClonePostHandler
INFO | 2026-02-11T23:12:41.8962146Z | Route registered: POST /admin/data/{type}/{id}/clone-edit with handler DataCloneEditPostHandler
INFO | 2026-02-11T23:12:41.8962181Z | Route registered: GET /admin/data/{type}/{id}/delete with handler DataDeleteHandler
INFO | 2026-02-11T23:12:41.8962218Z | Route registered: POST /admin/data/{type}/{id}/delete with handler DataDeletePostHandler
INFO | 2026-02-11T23:12:41.8962254Z | Route registered: GET /api/{type} with handler DataApiListHandler
INFO | 2026-02-11T23:12:41.8962290Z | Route registered: POST /api/{type} with handler DataApiPostHandler
INFO | 2026-02-11T23:12:41.8962325Z | Route registered: GET /api/{type}/{id} with handler DataApiGetHandler
INFO | 2026-02-11T23:12:41.8962367Z | Route registered: PUT /api/{type}/{id} with handler DataApiPutHandler
INFO | 2026-02-11T23:12:41.8962402Z | Route registered: PATCH /api/{type}/{id} with handler DataApiPatchHandler
INFO | 2026-02-11T23:12:41.8962439Z | Route registered: DELETE /api/{type}/{id} with handler DataApiDeleteHandler
INFO | 2026-02-11T23:12:41.8962472Z | Route registered: GET /admin/reload-templates with handler ReloadTemplatesHandler
INFO | 2026-02-11T23:12:41.8962492Z | Route registered: GET /status with handler <BuildPageHandler>b__0
INFO | 2026-02-11T23:12:41.8962523Z | Route registered: GET /statusRaw with handler TimeRawHandler
INFO | 2026-02-11T23:12:41.9159529Z | ClientRequestTracker pruning loop starting.
INFO | 2026-02-11T23:12:41.9186874Z | WireUpRequestHandlingAndLoggerAsyncLifetime completed and request handling is live.
INFO | 2026-02-11T23:12:41.9455368Z | BareMetalWeb server is ready - listening for requests on http://localhost:5232
INFO | 2026-02-11T23:12:41.9473659Z | HTTPS redirect settings: mode=IfAvailable, trustForwardedHeaders=False, redirectHost=(auto), redirectPort=(auto)
INFO | 2026-02-11T23:12:41.9478029Z | HTTPS endpoint not configured. Configure HTTPS (ASPNETCORE_URLS / Kestrel) to expose an https:// address.
INFO | 2026-02-11T23:13:34.8978127Z | Log segment complete; cycling to next segment.
