INFO | 2026-02-11T23:09:59.9548344Z | Starting BareMetalWeb server...
INFO | 2026-02-11T23:10:01.8398880Z | Route registered: GET / with handler DefaultPageHandler
INFO | 2026-02-11T23:10:01.8400493Z | Route registered: GET /metrics with handler <BuildPageHandler>b__0
INFO | 2026-02-11T23:10:01.8401669Z | Route registered: GET /metrics/json with handler MetricsJsonHandler
INFO | 2026-02-11T23:10:01.8405102Z | Route registered: GET /admin/logs with handler LogsViewerHandler
INFO | 2026-02-11T23:10:01.8405249Z | Route registered: GET /admin/logs/prune with handler LogsPruneHandler
INFO | 2026-02-11T23:10:01.8405335Z | Route registered: POST /admin/logs/prune with handler LogsPrunePostHandler
INFO | 2026-02-11T23:10:01.8405410Z | Route registered: GET /admin/logs/download with handler LogsDownloadHandler
INFO | 2026-02-11T23:10:01.8405467Z | Route registered: GET /admin/sample-data with handler SampleDataHandler
INFO | 2026-02-11T23:10:01.8405509Z | Route registered: POST /admin/sample-data with handler SampleDataPostHandler
INFO | 2026-02-11T23:10:01.8405546Z | Route registered: GET /topips with handler <BuildPageHandler>b__0
INFO | 2026-02-11T23:10:01.8405563Z | Route registered: GET /suspiciousips with handler <BuildPageHandler>b__0
INFO | 2026-02-11T23:10:01.8405597Z | Route registered: GET /login with handler LoginHandler
INFO | 2026-02-11T23:10:01.8405638Z | Route registered: POST /login with handler LoginPostHandler
INFO | 2026-02-11T23:10:01.8405698Z | Route registered: GET /mfa with handler MfaChallengeHandler
INFO | 2026-02-11T23:10:01.8405732Z | Route registered: POST /mfa with handler MfaChallengePostHandler
INFO | 2026-02-11T23:10:01.8405775Z | Route registered: GET /logout with handler LogoutHandler
INFO | 2026-02-11T23:10:01.8405810Z | Route registered: POST /logout with handler LogoutPostHandler
INFO | 2026-02-11T23:10:01.8405855Z | Route registered: GET /account with handler AccountHandler
INFO | 2026-02-11T23:10:01.8405926Z | Route registered: GET /account/mfa with handler MfaStatusHandler
INFO | 2026-02-11T23:10:01.8405966Z | Route registered: GET /account/mfa/setup with handler MfaSetupHandler
INFO | 2026-02-11T23:10:01.8406019Z | Route registered: POST /account/mfa/setup with handler MfaSetupPostHandler
INFO | 2026-02-11T23:10:01.8406055Z | Route registered: GET /account/mfa/reset with handler MfaResetHandler
INFO | 2026-02-11T23:10:01.8406093Z | Route registered: POST /account/mfa/reset with handler MfaResetPostHandler
INFO | 2026-02-11T23:10:01.8406129Z | Route registered: GET /setup with handler SetupHandler
INFO | 2026-02-11T23:10:01.8406172Z | Route registered: POST /setup with handler SetupPostHandler
INFO | 2026-02-11T23:10:01.8406217Z | Route registered: GET /admin/data with handler DataEntitiesHandler
INFO | 2026-02-11T23:10:01.8406288Z | Route registered: GET /admin/data/{type} with handler DataListHandler
INFO | 2026-02-11T23:10:01.8406351Z | Route registered: GET /admin/data/{type}/csv with handler DataListCsvHandler
INFO | 2026-02-11T23:10:01.8406398Z | Route registered: GET /admin/data/{type}/html with handler DataListHtmlHandler
INFO | 2026-02-11T23:10:01.8406486Z | Route registered: GET /admin/data/{type}/import with handler DataImportHandler
INFO | 2026-02-11T23:10:01.8406564Z | Route registered: POST /admin/data/{type}/import with handler DataImportPostHandler
INFO | 2026-02-11T23:10:01.8406619Z | Route registered: GET /admin/data/{type}/create with handler DataCreateHandler
INFO | 2026-02-11T23:10:01.8406667Z | Route registered: POST /admin/data/{type}/create with handler DataCreatePostHandler
INFO | 2026-02-11T23:10:01.8406724Z | Route registered: GET /admin/data/{type}/{id} with handler DataViewHandler
INFO | 2026-02-11T23:10:01.8406775Z | Route registered: GET /admin/data/{type}/{id}/rtf with handler DataViewRtfHandler
INFO | 2026-02-11T23:10:01.8406823Z | Route registered: GET /admin/data/{type}/{id}/html with handler DataViewHtmlHandler
INFO | 2026-02-11T23:10:01.8406892Z | Route registered: GET /admin/data/{type}/{id}/edit with handler DataEditHandler
INFO | 2026-02-11T23:10:01.8406958Z | Route registered: POST /admin/data/{type}/{id}/edit with handler DataEditPostHandler
INFO | 2026-02-11T23:10:01.8407017Z | Route registered: POST /admin/data/{type}/{id}/clone with handler DataClonePostHandler
INFO | 2026-02-11T23:10:01.8407070Z | Route registered: POST /admin/data/{type}/{id}/clone-edit with handler DataCloneEditPostHandler
INFO | 2026-02-11T23:10:01.8407123Z | Route registered: GET /admin/data/{type}/{id}/delete with handler DataDeleteHandler
INFO | 2026-02-11T23:10:01.8407179Z | Route registered: POST /admin/data/{type}/{id}/delete with handler DataDeletePostHandler
INFO | 2026-02-11T23:10:01.8407233Z | Route registered: GET /api/{type} with handler DataApiListHandler
INFO | 2026-02-11T23:10:01.8407286Z | Route registered: POST /api/{type} with handler DataApiPostHandler
INFO | 2026-02-11T23:10:01.8407341Z | Route registered: GET /api/{type}/{id} with handler DataApiGetHandler
INFO | 2026-02-11T23:10:01.8407395Z | Route registered: PUT /api/{type}/{id} with handler DataApiPutHandler
INFO | 2026-02-11T23:10:01.8407461Z | Route registered: PATCH /api/{type}/{id} with handler DataApiPatchHandler
INFO | 2026-02-11T23:10:01.8407519Z | Route registered: DELETE /api/{type}/{id} with handler DataApiDeleteHandler
INFO | 2026-02-11T23:10:01.8407572Z | Route registered: GET /admin/reload-templates with handler ReloadTemplatesHandler
INFO | 2026-02-11T23:10:01.8407590Z | Route registered: GET /status with handler <BuildPageHandler>b__0
INFO | 2026-02-11T23:10:01.8407640Z | Route registered: GET /statusRaw with handler TimeRawHandler
INFO | 2026-02-11T23:10:01.8600696Z | ClientRequestTracker pruning loop starting.
INFO | 2026-02-11T23:10:01.8620944Z | WireUpRequestHandlingAndLoggerAsyncLifetime completed and request handling is live.
INFO | 2026-02-11T23:10:01.8902838Z | BareMetalWeb server is ready - listening for requests on http://localhost:5232
INFO | 2026-02-11T23:10:01.8920887Z | HTTPS redirect settings: mode=IfAvailable, trustForwardedHeaders=False, redirectHost=(auto), redirectPort=(auto)
INFO | 2026-02-11T23:10:01.8924805Z | HTTPS endpoint not configured. Configure HTTPS (ASPNETCORE_URLS / Kestrel) to expose an https:// address.
INFO | 2026-02-11T23:10:10.9126788Z | GET /|200|::1
INFO | 2026-02-11T23:10:11.0311679Z | GET /static/css/site.css|200|::1|static
INFO | 2026-02-11T23:10:11.0346883Z | GET /static/css/bootstrap.min.css|200|::1|static
INFO | 2026-02-11T23:10:11.1095391Z | GET /favicon.ico|404|::1
INFO | 2026-02-11T23:10:16.0120842Z | GET /admin/data/orders|GET|/admin/data/{type}|type=orders|200|::1
INFO | 2026-02-11T23:10:18.6506917Z | GET /admin/data/orders/create|GET|/admin/data/{type}/create|type=orders|200|::1
