INFO | 2026-02-11T18:03:16.3590450Z | Starting BareMetalWeb server...
INFO | 2026-02-11T18:03:18.6521787Z | Route registered: GET / with handler DefaultPageHandler
INFO | 2026-02-11T18:03:18.6525459Z | Route registered: GET /metrics with handler <BuildPageHandler>b__0
INFO | 2026-02-11T18:03:18.6528273Z | Route registered: GET /metrics/json with handler MetricsJsonHandler
INFO | 2026-02-11T18:03:18.6536326Z | Route registered: GET /admin/logs with handler LogsViewerHandler
INFO | 2026-02-11T18:03:18.6536665Z | Route registered: GET /admin/logs/prune with handler LogsPruneHandler
INFO | 2026-02-11T18:03:18.6536786Z | Route registered: POST /admin/logs/prune with handler LogsPrunePostHandler
INFO | 2026-02-11T18:03:18.6537111Z | Route registered: GET /admin/logs/download with handler LogsDownloadHandler
INFO | 2026-02-11T18:03:18.6537406Z | Route registered: GET /admin/sample-data with handler SampleDataHandler
INFO | 2026-02-11T18:03:18.6537521Z | Route registered: POST /admin/sample-data with handler SampleDataPostHandler
INFO | 2026-02-11T18:03:18.6537631Z | Route registered: GET /topips with handler <BuildPageHandler>b__0
INFO | 2026-02-11T18:03:18.6537678Z | Route registered: GET /suspiciousips with handler <BuildPageHandler>b__0
INFO | 2026-02-11T18:03:18.6537767Z | Route registered: GET /login with handler LoginHandler
INFO | 2026-02-11T18:03:18.6537845Z | Route registered: POST /login with handler LoginPostHandler
INFO | 2026-02-11T18:03:18.6537982Z | Route registered: GET /mfa with handler MfaChallengeHandler
INFO | 2026-02-11T18:03:18.6538061Z | Route registered: POST /mfa with handler MfaChallengePostHandler
INFO | 2026-02-11T18:03:18.6538255Z | Route registered: GET /logout with handler LogoutHandler
INFO | 2026-02-11T18:03:18.6538343Z | Route registered: POST /logout with handler LogoutPostHandler
INFO | 2026-02-11T18:03:18.6538451Z | Route registered: GET /account with handler AccountHandler
INFO | 2026-02-11T18:03:18.6538545Z | Route registered: GET /account/mfa with handler MfaStatusHandler
INFO | 2026-02-11T18:03:18.6538677Z | Route registered: GET /account/mfa/setup with handler MfaSetupHandler
INFO | 2026-02-11T18:03:18.6538765Z | Route registered: POST /account/mfa/setup with handler MfaSetupPostHandler
INFO | 2026-02-11T18:03:18.6538972Z | Route registered: GET /account/mfa/reset with handler MfaResetHandler
INFO | 2026-02-11T18:03:18.6539073Z | Route registered: POST /account/mfa/reset with handler MfaResetPostHandler
INFO | 2026-02-11T18:03:18.6539162Z | Route registered: GET /setup with handler SetupHandler
INFO | 2026-02-11T18:03:18.6539253Z | Route registered: POST /setup with handler SetupPostHandler
INFO | 2026-02-11T18:03:18.6539355Z | Route registered: GET /admin/data with handler DataEntitiesHandler
INFO | 2026-02-11T18:03:18.6539505Z | Route registered: GET /admin/data/{type} with handler DataListHandler
INFO | 2026-02-11T18:03:18.6539643Z | Route registered: GET /admin/data/{type}/csv with handler DataListCsvHandler
INFO | 2026-02-11T18:03:18.6539746Z | Route registered: GET /admin/data/{type}/html with handler DataListHtmlHandler
INFO | 2026-02-11T18:03:18.6540118Z | Route registered: GET /admin/data/{type}/import with handler DataImportHandler
INFO | 2026-02-11T18:03:18.6541614Z | Route registered: POST /admin/data/{type}/import with handler DataImportPostHandler
INFO | 2026-02-11T18:03:18.6541928Z | Route registered: GET /admin/data/{type}/create with handler DataCreateHandler
INFO | 2026-02-11T18:03:18.6542051Z | Route registered: POST /admin/data/{type}/create with handler DataCreatePostHandler
INFO | 2026-02-11T18:03:18.6542166Z | Route registered: GET /admin/data/{type}/{id} with handler DataViewHandler
INFO | 2026-02-11T18:03:18.6542290Z | Route registered: GET /admin/data/{type}/{id}/rtf with handler DataViewRtfHandler
INFO | 2026-02-11T18:03:18.6542411Z | Route registered: GET /admin/data/{type}/{id}/html with handler DataViewHtmlHandler
INFO | 2026-02-11T18:03:18.6542690Z | Route registered: GET /admin/data/{type}/{id}/edit with handler DataEditHandler
INFO | 2026-02-11T18:03:18.6542837Z | Route registered: POST /admin/data/{type}/{id}/edit with handler DataEditPostHandler
INFO | 2026-02-11T18:03:18.6542954Z | Route registered: POST /admin/data/{type}/{id}/clone with handler DataClonePostHandler
INFO | 2026-02-11T18:03:18.6543099Z | Route registered: POST /admin/data/{type}/{id}/clone-edit with handler DataCloneEditPostHandler
INFO | 2026-02-11T18:03:18.6543223Z | Route registered: GET /admin/data/{type}/{id}/delete with handler DataDeleteHandler
INFO | 2026-02-11T18:03:18.6543444Z | Route registered: POST /admin/data/{type}/{id}/delete with handler DataDeletePostHandler
INFO | 2026-02-11T18:03:18.6543575Z | Route registered: GET /api/{type} with handler DataApiListHandler
INFO | 2026-02-11T18:03:18.6543705Z | Route registered: POST /api/{type} with handler DataApiPostHandler
INFO | 2026-02-11T18:03:18.6543832Z | Route registered: GET /api/{type}/{id} with handler DataApiGetHandler
INFO | 2026-02-11T18:03:18.6543964Z | Route registered: PUT /api/{type}/{id} with handler DataApiPutHandler
INFO | 2026-02-11T18:03:18.6544093Z | Route registered: PATCH /api/{type}/{id} with handler DataApiPatchHandler
INFO | 2026-02-11T18:03:18.6544227Z | Route registered: DELETE /api/{type}/{id} with handler DataApiDeleteHandler
INFO | 2026-02-11T18:03:18.6544350Z | Route registered: GET /admin/reload-templates with handler ReloadTemplatesHandler
INFO | 2026-02-11T18:03:18.6544459Z | Route registered: GET /status with handler <BuildPageHandler>b__0
INFO | 2026-02-11T18:03:18.6544582Z | Route registered: GET /statusRaw with handler TimeRawHandler
INFO | 2026-02-11T18:03:18.7655154Z | ClientRequestTracker pruning loop starting.
INFO | 2026-02-11T18:03:18.7677595Z | WireUpRequestHandlingAndLoggerAsyncLifetime completed and request handling is live.
INFO | 2026-02-11T18:03:18.9326297Z | BareMetalWeb server is ready - listening for requests on http://localhost:5232
INFO | 2026-02-11T18:03:18.9368988Z | HTTPS redirect settings: mode=IfAvailable, trustForwardedHeaders=False, redirectHost=(auto), redirectPort=(auto)
INFO | 2026-02-11T18:03:18.9377265Z | HTTPS endpoint not configured. Configure HTTPS (ASPNETCORE_URLS / Kestrel) to expose an https:// address.
INFO | 2026-02-11T18:06:37.2342395Z | Log segment complete; cycling to next segment.
