INFO | 2026-02-11T22:44:03.8450181Z | GET /admin/data/conference-sessions/46229717eb4644899e267a1e19d0993b|GET|/admin/data/{type}/{id}|type=conference-sessions, id=46229717eb4644899e267a1e19d0993b|200|::1
INFO | 2026-02-11T22:44:03.9262964Z | GET /.well-known/appspecific/com.chrome.devtools.json|404|::1
INFO | 2026-02-11T22:44:03.9358989Z | GET /static/css/bootstrap.min.css|200|::1|static
INFO | 2026-02-11T22:44:03.9383995Z | GET /static/css/site.css|200|::1|static
INFO | 2026-02-11T22:44:05.4956309Z | GET /static/css/bootstrap.min.css.map|404|::1|static
INFO | 2026-02-11T22:44:16.1283502Z | GET /admin/data/conference-sessions/46229717eb4644899e267a1e19d0993b|GET|/admin/data/{type}/{id}|type=conference-sessions, id=46229717eb4644899e267a1e19d0993b|200|::1
INFO | 2026-02-11T22:44:16.1883454Z | GET /.well-known/appspecific/com.chrome.devtools.json|404|::1
INFO | 2026-02-11T22:44:16.1899231Z | GET /static/css/site.css|200|::1|static
INFO | 2026-02-11T22:44:16.1937191Z | GET /static/css/bootstrap.min.css|200|::1|static
INFO | 2026-02-11T22:44:17.0205473Z | GET /static/css/bootstrap.min.css.map|404|::1|static
INFO | 2026-02-11T22:44:19.9898253Z | GET /admin/data/conference-sessions/46229717eb4644899e267a1e19d0993b|GET|/admin/data/{type}/{id}|type=conference-sessions, id=46229717eb4644899e267a1e19d0993b|200|::1
INFO | 2026-02-11T22:44:20.0508977Z | GET /.well-known/appspecific/com.chrome.devtools.json|404|::1
INFO | 2026-02-11T22:44:20.0557579Z | GET /static/css/bootstrap.min.css|200|::1|static
INFO | 2026-02-11T22:44:20.0622686Z | GET /static/css/site.css|200|::1|static
INFO | 2026-02-11T22:44:20.1387395Z | GET /static/css/bootstrap.min.css.map|404|::1|static
INFO | 2026-02-11T22:44:27.2299216Z | GET /admin/data/conference-sessions/46229717eb4644899e267a1e19d0993b/edit|GET|/admin/data/{type}/{id}/edit|type=conference-sessions, id=46229717eb4644899e267a1e19d0993b|200|::1
INFO | 2026-02-11T22:44:27.3000355Z | GET /.well-known/appspecific/com.chrome.devtools.json|404|::1
INFO | 2026-02-11T22:44:27.3089488Z | GET /static/css/bootstrap.min.css|200|::1|static
INFO | 2026-02-11T22:44:27.3122783Z | GET /static/css/site.css|200|::1|static
INFO | 2026-02-11T22:44:27.6365820Z | GET /static/css/bootstrap.min.css.map|404|::1|static
INFO | 2026-02-11T22:44:32.3202286Z | GET /metrics|200|::1
INFO | 2026-02-11T22:44:32.3911145Z | GET /.well-known/appspecific/com.chrome.devtools.json|404|::1
INFO | 2026-02-11T22:44:32.3955994Z | GET /static/css/bootstrap.min.css|200|::1|static
INFO | 2026-02-11T22:44:32.4035027Z | GET /static/css/site.css|200|::1|static
INFO | 2026-02-11T22:44:32.5862157Z | GET /static/css/bootstrap.min.css.map|404|::1|static
INFO | 2026-02-11T22:44:37.0827355Z | GET /metrics|200|::1
INFO | 2026-02-11T22:44:37.1400999Z | GET /.well-known/appspecific/com.chrome.devtools.json|404|::1
INFO | 2026-02-11T22:44:37.1411416Z | GET /static/css/site.css|200|::1|static
INFO | 2026-02-11T22:44:37.1430665Z | GET /static/css/bootstrap.min.css|200|::1|static
INFO | 2026-02-11T22:44:37.3037184Z | GET /static/css/bootstrap.min.css.map|404|::1|static
INFO | 2026-02-11T22:44:37.3209643Z | GET /metrics|200|::1
INFO | 2026-02-11T22:44:37.3763266Z | GET /.well-known/appspecific/com.chrome.devtools.json|404|::1
INFO | 2026-02-11T22:44:37.3819966Z | GET /static/css/site.css|200|::1|static
INFO | 2026-02-11T22:44:37.3840352Z | GET /static/css/bootstrap.min.css|200|::1|static
INFO | 2026-02-11T22:44:37.4255379Z | GET /metrics|200|::1
INFO | 2026-02-11T22:44:37.4485923Z | GET /static/css/bootstrap.min.css.map|404|::1|static
INFO | 2026-02-11T22:44:37.4727291Z | GET /.well-known/appspecific/com.chrome.devtools.json|404|::1
INFO | 2026-02-11T22:44:37.4753424Z | GET /static/css/site.css|200|::1|static
INFO | 2026-02-11T22:44:37.4862362Z | GET /static/css/bootstrap.min.css|200|::1|static
INFO | 2026-02-11T22:44:37.5477422Z | GET /static/css/bootstrap.min.css.map|404|::1|static
INFO | 2026-02-11T22:44:37.5531456Z | GET /metrics|200|::1
INFO | 2026-02-11T22:44:37.5908689Z | GET /static/css/bootstrap.min.css|200|::1|static
INFO | 2026-02-11T22:44:37.5917574Z | GET /static/css/site.css|200|::1|static
INFO | 2026-02-11T22:44:37.5924925Z | GET /.well-known/appspecific/com.chrome.devtools.json|404|::1
INFO | 2026-02-11T22:44:37.6847604Z | GET /metrics|200|::1
INFO | 2026-02-11T22:44:37.7179259Z | GET /static/css/bootstrap.min.css|429|::1|blocked
INFO | 2026-02-11T22:44:37.7179789Z | GET /static/css/site.css|429|::1|blocked
INFO | 2026-02-11T22:44:37.7336434Z | GET /static/css/bootstrap.min.css.map|429|::1|blocked
INFO | 2026-02-11T22:44:37.7425851Z | GET /.well-known/appspecific/com.chrome.devtools.json|429|::1|blocked
INFO | 2026-02-11T22:44:38.1658015Z | GET /metrics|429|::1|blocked
INFO | 2026-02-11T22:44:38.2310826Z | GET /.well-known/appspecific/com.chrome.devtools.json|429|::1|blocked
INFO | 2026-02-11T22:44:38.4429582Z | GET /metrics|429|::1|blocked
INFO | 2026-02-11T22:44:38.4728543Z | GET /.well-known/appspecific/com.chrome.devtools.json|429|::1|blocked
INFO | 2026-02-11T22:44:39.0377549Z | GET /metrics|429|::1|blocked
INFO | 2026-02-11T22:44:39.0887327Z | GET /.well-known/appspecific/com.chrome.devtools.json|429|::1|blocked
INFO | 2026-02-11T22:44:39.7767703Z | GET /metrics|429|::1|blocked
INFO | 2026-02-11T22:44:39.8138744Z | GET /.well-known/appspecific/com.chrome.devtools.json|429|::1|blocked
INFO | 2026-02-11T22:44:40.0597148Z | GET /metrics|429|::1|blocked
INFO | 2026-02-11T22:44:40.0923839Z | GET /.well-known/appspecific/com.chrome.devtools.json|429|::1|blocked
INFO | 2026-02-11T22:44:40.2986851Z | GET /metrics|429|::1|blocked
INFO | 2026-02-11T22:44:40.3268565Z | GET /.well-known/appspecific/com.chrome.devtools.json|429|::1|blocked
INFO | 2026-02-11T22:44:40.5124901Z | GET /metrics|429|::1|blocked
INFO | 2026-02-11T22:44:40.5407063Z | GET /.well-known/appspecific/com.chrome.devtools.json|429|::1|blocked
INFO | 2026-02-11T22:44:40.7179592Z | GET /metrics|429|::1|blocked
INFO | 2026-02-11T22:44:40.7475528Z | GET /.well-known/appspecific/com.chrome.devtools.json|429|::1|blocked
INFO | 2026-02-11T22:44:40.9292276Z | GET /metrics|429|::1|blocked
INFO | 2026-02-11T22:44:40.9577508Z | GET /.well-known/appspecific/com.chrome.devtools.json|429|::1|blocked
INFO | 2026-02-11T22:44:41.1348622Z | GET /metrics|429|::1|blocked
INFO | 2026-02-11T22:44:41.1560573Z | GET /metrics|429|::1|blocked
INFO | 2026-02-11T22:44:41.1892218Z | GET /.well-known/appspecific/com.chrome.devtools.json|429|::1|blocked
INFO | 2026-02-11T22:44:41.3857197Z | GET /metrics|429|::1|blocked
INFO | 2026-02-11T22:44:41.4146049Z | GET /.well-known/appspecific/com.chrome.devtools.json|429|::1|blocked
INFO | 2026-02-11T22:44:41.5963957Z | GET /metrics|429|::1|blocked
INFO | 2026-02-11T22:44:41.6243310Z | GET /.well-known/appspecific/com.chrome.devtools.json|429|::1|blocked
INFO | 2026-02-11T22:44:41.8079975Z | GET /metrics|429|::1|blocked
INFO | 2026-02-11T22:44:41.8354472Z | GET /.well-known/appspecific/com.chrome.devtools.json|429|::1|blocked
INFO | 2026-02-11T22:44:42.0124902Z | GET /metrics|429|::1|blocked
INFO | 2026-02-11T22:44:42.0407972Z | GET /.well-known/appspecific/com.chrome.devtools.json|429|::1|blocked
INFO | 2026-02-11T22:44:42.2331656Z | GET /metrics|429|::1|blocked
INFO | 2026-02-11T22:44:42.2628984Z | GET /.well-known/appspecific/com.chrome.devtools.json|429|::1|blocked
INFO | 2026-02-11T22:44:42.3031651Z | GET /metrics|429|::1|blocked
INFO | 2026-02-11T22:44:42.4512723Z | GET /.well-known/appspecific/com.chrome.devtools.json|429|::1|blocked
INFO | 2026-02-11T22:44:42.6351191Z | GET /metrics|429|::1|blocked
INFO | 2026-02-11T22:44:42.6647271Z | GET /.well-known/appspecific/com.chrome.devtools.json|429|::1|blocked
INFO | 2026-02-11T22:44:43.0976987Z | GET /metrics|429|::1|blocked
INFO | 2026-02-11T22:44:43.1475469Z | GET /.well-known/appspecific/com.chrome.devtools.json|429|::1|blocked
INFO | 2026-02-11T22:44:43.5013364Z | GET /metrics|429|::1|blocked
INFO | 2026-02-11T22:44:43.5550965Z | GET /.well-known/appspecific/com.chrome.devtools.json|429|::1|blocked
INFO | 2026-02-11T22:44:49.7762035Z | GET /account|429|::1|blocked
INFO | 2026-02-11T22:44:58.7998407Z | GET /admin/data/customers|429|::1|blocked
