INFO | 2026-02-11T22:41:21.6270216Z | Starting BareMetalWeb server...
INFO | 2026-02-11T22:41:22.1321444Z | Updated root permissions for root.
INFO | 2026-02-11T22:41:23.5216797Z | Route registered: GET / with handler DefaultPageHandler
INFO | 2026-02-11T22:41:23.5219027Z | Route registered: GET /metrics with handler <BuildPageHandler>b__0
INFO | 2026-02-11T22:41:23.5220769Z | Route registered: GET /metrics/json with handler MetricsJsonHandler
INFO | 2026-02-11T22:41:23.5225966Z | Route registered: GET /admin/logs with handler LogsViewerHandler
INFO | 2026-02-11T22:41:23.5226149Z | Route registered: GET /admin/logs/prune with handler LogsPruneHandler
INFO | 2026-02-11T22:41:23.5226293Z | Route registered: POST /admin/logs/prune with handler LogsPrunePostHandler
INFO | 2026-02-11T22:41:23.5226434Z | Route registered: GET /admin/logs/download with handler LogsDownloadHandler
INFO | 2026-02-11T22:41:23.5226519Z | Route registered: GET /admin/sample-data with handler SampleDataHandler
INFO | 2026-02-11T22:41:23.5226572Z | Route registered: POST /admin/sample-data with handler SampleDataPostHandler
INFO | 2026-02-11T22:41:23.5226628Z | Route registered: GET /topips with handler <BuildPageHandler>b__0
INFO | 2026-02-11T22:41:23.5226651Z | Route registered: GET /suspiciousips with handler <BuildPageHandler>b__0
INFO | 2026-02-11T22:41:23.5226708Z | Route registered: GET /login with handler LoginHandler
INFO | 2026-02-11T22:41:23.5226753Z | Route registered: POST /login with handler LoginPostHandler
INFO | 2026-02-11T22:41:23.5226831Z | Route registered: GET /mfa with handler MfaChallengeHandler
INFO | 2026-02-11T22:41:23.5226881Z | Route registered: POST /mfa with handler MfaChallengePostHandler
INFO | 2026-02-11T22:41:23.5226940Z | Route registered: GET /logout with handler LogoutHandler
INFO | 2026-02-11T22:41:23.5226989Z | Route registered: POST /logout with handler LogoutPostHandler
INFO | 2026-02-11T22:41:23.5227048Z | Route registered: GET /account with handler AccountHandler
INFO | 2026-02-11T22:41:23.5227144Z | Route registered: GET /account/mfa with handler MfaStatusHandler
INFO | 2026-02-11T22:41:23.5227196Z | Route registered: GET /account/mfa/setup with handler MfaSetupHandler
INFO | 2026-02-11T22:41:23.5227267Z | Route registered: POST /account/mfa/setup with handler MfaSetupPostHandler
INFO | 2026-02-11T22:41:23.5227316Z | Route registered: GET /account/mfa/reset with handler MfaResetHandler
INFO | 2026-02-11T22:41:23.5227366Z | Route registered: POST /account/mfa/reset with handler MfaResetPostHandler
INFO | 2026-02-11T22:41:23.5227415Z | Route registered: GET /setup with handler SetupHandler
INFO | 2026-02-11T22:41:23.5227469Z | Route registered: POST /setup with handler SetupPostHandler
INFO | 2026-02-11T22:41:23.5227526Z | Route registered: GET /admin/data with handler DataEntitiesHandler
INFO | 2026-02-11T22:41:23.5227616Z | Route registered: GET /admin/data/{type} with handler DataListHandler
INFO | 2026-02-11T22:41:23.5227698Z | Route registered: GET /admin/data/{type}/csv with handler DataListCsvHandler
INFO | 2026-02-11T22:41:23.5227753Z | Route registered: GET /admin/data/{type}/html with handler DataListHtmlHandler
INFO | 2026-02-11T22:41:23.5227872Z | Route registered: GET /admin/data/{type}/import with handler DataImportHandler
INFO | 2026-02-11T22:41:23.5227983Z | Route registered: POST /admin/data/{type}/import with handler DataImportPostHandler
INFO | 2026-02-11T22:41:23.5228051Z | Route registered: GET /admin/data/{type}/create with handler DataCreateHandler
INFO | 2026-02-11T22:41:23.5228115Z | Route registered: POST /admin/data/{type}/create with handler DataCreatePostHandler
INFO | 2026-02-11T22:41:23.5228183Z | Route registered: GET /admin/data/{type}/{id} with handler DataViewHandler
INFO | 2026-02-11T22:41:23.5228242Z | Route registered: GET /admin/data/{type}/{id}/rtf with handler DataViewRtfHandler
INFO | 2026-02-11T22:41:23.5228303Z | Route registered: GET /admin/data/{type}/{id}/html with handler DataViewHtmlHandler
INFO | 2026-02-11T22:41:23.5228396Z | Route registered: GET /admin/data/{type}/{id}/edit with handler DataEditHandler
INFO | 2026-02-11T22:41:23.5228495Z | Route registered: POST /admin/data/{type}/{id}/edit with handler DataEditPostHandler
INFO | 2026-02-11T22:41:23.5228567Z | Route registered: POST /admin/data/{type}/{id}/clone with handler DataClonePostHandler
INFO | 2026-02-11T22:41:23.5228636Z | Route registered: POST /admin/data/{type}/{id}/clone-edit with handler DataCloneEditPostHandler
INFO | 2026-02-11T22:41:23.5228704Z | Route registered: GET /admin/data/{type}/{id}/delete with handler DataDeleteHandler
INFO | 2026-02-11T22:41:23.5228774Z | Route registered: POST /admin/data/{type}/{id}/delete with handler DataDeletePostHandler
INFO | 2026-02-11T22:41:23.5228843Z | Route registered: GET /api/{type} with handler DataApiListHandler
INFO | 2026-02-11T22:41:23.5228909Z | Route registered: POST /api/{type} with handler DataApiPostHandler
INFO | 2026-02-11T22:41:23.5228983Z | Route registered: GET /api/{type}/{id} with handler DataApiGetHandler
INFO | 2026-02-11T22:41:23.5229066Z | Route registered: PUT /api/{type}/{id} with handler DataApiPutHandler
INFO | 2026-02-11T22:41:23.5229135Z | Route registered: PATCH /api/{type}/{id} with handler DataApiPatchHandler
INFO | 2026-02-11T22:41:23.5229206Z | Route registered: DELETE /api/{type}/{id} with handler DataApiDeleteHandler
INFO | 2026-02-11T22:41:23.5229272Z | Route registered: GET /admin/reload-templates with handler ReloadTemplatesHandler
INFO | 2026-02-11T22:41:23.5229296Z | Route registered: GET /status with handler <BuildPageHandler>b__0
INFO | 2026-02-11T22:41:23.5229360Z | Route registered: GET /statusRaw with handler TimeRawHandler
INFO | 2026-02-11T22:41:23.5440375Z | ClientRequestTracker pruning loop starting.
INFO | 2026-02-11T22:41:23.5460443Z | WireUpRequestHandlingAndLoggerAsyncLifetime completed and request handling is live.
INFO | 2026-02-11T22:41:23.5831332Z | BareMetalWeb server is ready - listening for requests on http://localhost:5232
INFO | 2026-02-11T22:41:23.5849797Z | HTTPS redirect settings: mode=IfAvailable, trustForwardedHeaders=False, redirectHost=(auto), redirectPort=(auto)
INFO | 2026-02-11T22:41:23.5853855Z | HTTPS endpoint not configured. Configure HTTPS (ASPNETCORE_URLS / Kestrel) to expose an https:// address.
INFO | 2026-02-11T22:41:26.6579806Z | GET /|200|::1
INFO | 2026-02-11T22:41:28.8566575Z | GET /|200|::1
INFO | 2026-02-11T22:41:30.9864369Z | GET /|200|::1
INFO | 2026-02-11T22:41:36.9844499Z | GET /admin/data/conference-sessions|GET|/admin/data/{type}|type=conference-sessions|200|::1
INFO | 2026-02-11T22:41:38.7002486Z | GET /admin/data/conference-sessions/create|GET|/admin/data/{type}/create|type=conference-sessions|200|::1
INFO | 2026-02-11T22:42:56.2410645Z | Log segment complete; cycling to next segment.
