INFO | 2026-02-11T22:38:36.3676715Z | Starting BareMetalWeb server...
INFO | 2026-02-11T22:38:38.5836049Z | Route registered: GET / with handler DefaultPageHandler
INFO | 2026-02-11T22:38:38.5837782Z | Route registered: GET /metrics with handler <BuildPageHandler>b__0
INFO | 2026-02-11T22:38:38.5839013Z | Route registered: GET /metrics/json with handler MetricsJsonHandler
INFO | 2026-02-11T22:38:38.5842990Z | Route registered: GET /admin/logs with handler LogsViewerHandler
INFO | 2026-02-11T22:38:38.5843166Z | Route registered: GET /admin/logs/prune with handler LogsPruneHandler
INFO | 2026-02-11T22:38:38.5843260Z | Route registered: POST /admin/logs/prune with handler LogsPrunePostHandler
INFO | 2026-02-11T22:38:38.5843344Z | Route registered: GET /admin/logs/download with handler LogsDownloadHandler
INFO | 2026-02-11T22:38:38.5843401Z | Route registered: GET /admin/sample-data with handler SampleDataHandler
INFO | 2026-02-11T22:38:38.5843443Z | Route registered: POST /admin/sample-data with handler SampleDataPostHandler
INFO | 2026-02-11T22:38:38.5843490Z | Route registered: GET /topips with handler <BuildPageHandler>b__0
INFO | 2026-02-11T22:38:38.5843507Z | Route registered: GET /suspiciousips with handler <BuildPageHandler>b__0
INFO | 2026-02-11T22:38:38.5843549Z | Route registered: GET /login with handler LoginHandler
INFO | 2026-02-11T22:38:38.5843580Z | Route registered: POST /login with handler LoginPostHandler
INFO | 2026-02-11T22:38:38.5843637Z | Route registered: GET /mfa with handler MfaChallengeHandler
INFO | 2026-02-11T22:38:38.5843673Z | Route registered: POST /mfa with handler MfaChallengePostHandler
INFO | 2026-02-11T22:38:38.5843719Z | Route registered: GET /logout with handler LogoutHandler
INFO | 2026-02-11T22:38:38.5843756Z | Route registered: POST /logout with handler LogoutPostHandler
INFO | 2026-02-11T22:38:38.5843809Z | Route registered: GET /account with handler AccountHandler
INFO | 2026-02-11T22:38:38.5843881Z | Route registered: GET /account/mfa with handler MfaStatusHandler
INFO | 2026-02-11T22:38:38.5843935Z | Route registered: GET /account/mfa/setup with handler MfaSetupHandler
INFO | 2026-02-11T22:38:38.5844098Z | Route registered: POST /account/mfa/setup with handler MfaSetupPostHandler
INFO | 2026-02-11T22:38:38.5844135Z | Route registered: GET /account/mfa/reset with handler MfaResetHandler
INFO | 2026-02-11T22:38:38.5844175Z | Route registered: POST /account/mfa/reset with handler MfaResetPostHandler
INFO | 2026-02-11T22:38:38.5844213Z | Route registered: GET /setup with handler SetupHandler
INFO | 2026-02-11T22:38:38.5844254Z | Route registered: POST /setup with handler SetupPostHandler
INFO | 2026-02-11T22:38:38.5844312Z | Route registered: GET /admin/data with handler DataEntitiesHandler
INFO | 2026-02-11T22:38:38.5844377Z | Route registered: GET /admin/data/{type} with handler DataListHandler
INFO | 2026-02-11T22:38:38.5844438Z | Route registered: GET /admin/data/{type}/csv with handler DataListCsvHandler
INFO | 2026-02-11T22:38:38.5844484Z | Route registered: GET /admin/data/{type}/html with handler DataListHtmlHandler
INFO | 2026-02-11T22:38:38.5844576Z | Route registered: GET /admin/data/{type}/import with handler DataImportHandler
INFO | 2026-02-11T22:38:38.5844665Z | Route registered: POST /admin/data/{type}/import with handler DataImportPostHandler
INFO | 2026-02-11T22:38:38.5844721Z | Route registered: GET /admin/data/{type}/create with handler DataCreateHandler
INFO | 2026-02-11T22:38:38.5844774Z | Route registered: POST /admin/data/{type}/create with handler DataCreatePostHandler
INFO | 2026-02-11T22:38:38.5844838Z | Route registered: GET /admin/data/{type}/{id} with handler DataViewHandler
INFO | 2026-02-11T22:38:38.5844891Z | Route registered: GET /admin/data/{type}/{id}/rtf with handler DataViewRtfHandler
INFO | 2026-02-11T22:38:38.5844942Z | Route registered: GET /admin/data/{type}/{id}/html with handler DataViewHtmlHandler
INFO | 2026-02-11T22:38:38.5845020Z | Route registered: GET /admin/data/{type}/{id}/edit with handler DataEditHandler
INFO | 2026-02-11T22:38:38.5845096Z | Route registered: POST /admin/data/{type}/{id}/edit with handler DataEditPostHandler
INFO | 2026-02-11T22:38:38.5845147Z | Route registered: POST /admin/data/{type}/{id}/clone with handler DataClonePostHandler
INFO | 2026-02-11T22:38:38.5845202Z | Route registered: POST /admin/data/{type}/{id}/clone-edit with handler DataCloneEditPostHandler
INFO | 2026-02-11T22:38:38.5845255Z | Route registered: GET /admin/data/{type}/{id}/delete with handler DataDeleteHandler
INFO | 2026-02-11T22:38:38.5845312Z | Route registered: POST /admin/data/{type}/{id}/delete with handler DataDeletePostHandler
INFO | 2026-02-11T22:38:38.5845368Z | Route registered: GET /api/{type} with handler DataApiListHandler
INFO | 2026-02-11T22:38:38.5845426Z | Route registered: POST /api/{type} with handler DataApiPostHandler
INFO | 2026-02-11T22:38:38.5845480Z | Route registered: GET /api/{type}/{id} with handler DataApiGetHandler
INFO | 2026-02-11T22:38:38.5845543Z | Route registered: PUT /api/{type}/{id} with handler DataApiPutHandler
INFO | 2026-02-11T22:38:38.5845599Z | Route registered: PATCH /api/{type}/{id} with handler DataApiPatchHandler
INFO | 2026-02-11T22:38:38.5845654Z | Route registered: DELETE /api/{type}/{id} with handler DataApiDeleteHandler
INFO | 2026-02-11T22:38:38.5845708Z | Route registered: GET /admin/reload-templates with handler ReloadTemplatesHandler
INFO | 2026-02-11T22:38:38.5845724Z | Route registered: GET /status with handler <BuildPageHandler>b__0
INFO | 2026-02-11T22:38:38.5845774Z | Route registered: GET /statusRaw with handler TimeRawHandler
INFO | 2026-02-11T22:38:38.6130239Z | ClientRequestTracker pruning loop starting.
INFO | 2026-02-11T22:38:38.6151601Z | WireUpRequestHandlingAndLoggerAsyncLifetime completed and request handling is live.
INFO | 2026-02-11T22:38:38.6510994Z | BareMetalWeb server is ready - listening for requests on http://localhost:5232
INFO | 2026-02-11T22:38:38.6537328Z | HTTPS redirect settings: mode=IfAvailable, trustForwardedHeaders=False, redirectHost=(auto), redirectPort=(auto)
INFO | 2026-02-11T22:38:38.6542039Z | HTTPS endpoint not configured. Configure HTTPS (ASPNETCORE_URLS / Kestrel) to expose an https:// address.
