INFO | 2026-02-11T21:18:02.0282210Z | GET /admin/data/customers|GET|/admin/data/{type}|type=customers|200|::1
INFO | 2026-02-11T21:18:03.9896056Z | GET /admin/data/currencies|GET|/admin/data/{type}|type=currencies|200|::1
INFO | 2026-02-11T21:18:05.3772298Z | GET /admin/data/orders|GET|/admin/data/{type}|type=orders|200|::1
INFO | 2026-02-11T21:18:06.6213936Z | GET /admin/data/orders/create|GET|/admin/data/{type}/create|type=orders|200|::1
INFO | 2026-02-11T21:18:31.3025066Z | POST /admin/data/orders/create|POST|/admin/data/{type}/create|type=orders|200|::1
INFO | 2026-02-11T21:18:33.7051871Z | POST /admin/data/orders/create|POST|/admin/data/{type}/create|type=orders|200|::1
INFO | 2026-02-11T21:18:37.9132921Z | GET /admin/data/time-table-plans|GET|/admin/data/{type}|type=time-table-plans|200|::1
INFO | 2026-02-11T21:18:41.4053362Z | GET /admin/data/to-do|GET|/admin/data/{type}|type=to-do|200|::1
INFO | 2026-02-11T21:18:46.8669333Z | GET /.well-known/appspecific/com.chrome.devtools.json|404|::1
INFO | 2026-02-11T21:18:47.0771691Z | GET /static/css/bootstrap.min.css.map|404|::1|static
INFO | 2026-02-11T21:18:49.0290718Z | GET /admin/data/to-do|GET|/admin/data/{type}|type=to-do|200|::1
INFO | 2026-02-11T21:18:49.0715333Z | GET /.well-known/appspecific/com.chrome.devtools.json|404|::1
INFO | 2026-02-11T21:18:49.1089330Z | GET /static/css/site.css|200|::1|static
INFO | 2026-02-11T21:18:49.1090151Z | GET /static/css/bootstrap.min.css|200|::1|static
INFO | 2026-02-11T21:18:49.2150811Z | GET /static/css/bootstrap.min.css.map|404|::1|static
INFO | 2026-02-11T21:18:54.8517321Z | GET /admin/data/to-do|GET|/admin/data/{type}|type=to-do|200|::1
INFO | 2026-02-11T21:18:54.8902751Z | GET /.well-known/appspecific/com.chrome.devtools.json|404|::1
INFO | 2026-02-11T21:18:54.8923253Z | GET /static/css/site.css|200|::1|static
INFO | 2026-02-11T21:18:54.8925706Z | GET /static/css/bootstrap.min.css|200|::1|static
INFO | 2026-02-11T21:18:54.9521955Z | GET /static/css/bootstrap.min.css.map|404|::1|static
INFO | 2026-02-11T21:19:07.3776207Z | Log segment complete; cycling to next segment.
