INFO | 2026-02-11T21:44:03.9958180Z | GET /admin/sample-data|200|::1
INFO | 2026-02-11T21:44:11.4139595Z | GET /admin/data/customers|500|::1
INFO | 2026-02-11T21:44:14.7102519Z | POST /admin/sample-data|200|::1
INFO | 2026-02-11T21:44:30.5783580Z | Starting BareMetalWeb server...
INFO | 2026-02-11T21:44:30.9519544Z | Route registered: GET / with handler DefaultPageHandler
INFO | 2026-02-11T21:44:30.9521043Z | Route registered: GET /metrics with handler <BuildPageHandler>b__0
INFO | 2026-02-11T21:44:30.9522191Z | Route registered: GET /metrics/json with handler MetricsJsonHandler
INFO | 2026-02-11T21:44:30.9525668Z | Route registered: GET /admin/logs with handler LogsViewerHandler
INFO | 2026-02-11T21:44:30.9525830Z | Route registered: GET /admin/logs/prune with handler LogsPruneHandler
INFO | 2026-02-11T21:44:30.9525879Z | Route registered: POST /admin/logs/prune with handler LogsPrunePostHandler
INFO | 2026-02-11T21:44:30.9525989Z | Route registered: GET /admin/logs/download with handler LogsDownloadHandler
INFO | 2026-02-11T21:44:30.9526043Z | Route registered: GET /admin/sample-data with handler SampleDataHandler
INFO | 2026-02-11T21:44:30.9526082Z | Route registered: POST /admin/sample-data with handler SampleDataPostHandler
INFO | 2026-02-11T21:44:30.9526122Z | Route registered: GET /topips with handler <BuildPageHandler>b__0
INFO | 2026-02-11T21:44:30.9526141Z | Route registered: GET /suspiciousips with handler <BuildPageHandler>b__0
INFO | 2026-02-11T21:44:30.9526176Z | Route registered: GET /login with handler LoginHandler
INFO | 2026-02-11T21:44:30.9526217Z | Route registered: POST /login with handler LoginPostHandler
INFO | 2026-02-11T21:44:30.9526268Z | Route registered: GET /mfa with handler MfaChallengeHandler
INFO | 2026-02-11T21:44:30.9526301Z | Route registered: POST /mfa with handler MfaChallengePostHandler
INFO | 2026-02-11T21:44:30.9526332Z | Route registered: GET /logout with handler LogoutHandler
INFO | 2026-02-11T21:44:30.9526362Z | Route registered: POST /logout with handler LogoutPostHandler
INFO | 2026-02-11T21:44:30.9526399Z | Route registered: GET /account with handler AccountHandler
INFO | 2026-02-11T21:44:30.9526455Z | Route registered: GET /account/mfa with handler MfaStatusHandler
INFO | 2026-02-11T21:44:30.9526487Z | Route registered: GET /account/mfa/setup with handler MfaSetupHandler
INFO | 2026-02-11T21:44:30.9526520Z | Route registered: POST /account/mfa/setup with handler MfaSetupPostHandler
INFO | 2026-02-11T21:44:30.9526549Z | Route registered: GET /account/mfa/reset with handler MfaResetHandler
INFO | 2026-02-11T21:44:30.9526581Z | Route registered: POST /account/mfa/reset with handler MfaResetPostHandler
INFO | 2026-02-11T21:44:30.9526611Z | Route registered: GET /setup with handler SetupHandler
INFO | 2026-02-11T21:44:30.9526644Z | Route registered: POST /setup with handler SetupPostHandler
INFO | 2026-02-11T21:44:30.9526679Z | Route registered: GET /admin/data with handler DataEntitiesHandler
INFO | 2026-02-11T21:44:30.9526736Z | Route registered: GET /admin/data/{type} with handler DataListHandler
INFO | 2026-02-11T21:44:30.9526769Z | Route registered: GET /admin/data/{type}/csv with handler DataListCsvHandler
INFO | 2026-02-11T21:44:30.9526802Z | Route registered: GET /admin/data/{type}/html with handler DataListHtmlHandler
INFO | 2026-02-11T21:44:30.9526836Z | Route registered: GET /admin/data/{type}/import with handler DataImportHandler
INFO | 2026-02-11T21:44:30.9526872Z | Route registered: POST /admin/data/{type}/import with handler DataImportPostHandler
INFO | 2026-02-11T21:44:30.9526905Z | Route registered: GET /admin/data/{type}/create with handler DataCreateHandler
INFO | 2026-02-11T21:44:30.9526942Z | Route registered: POST /admin/data/{type}/create with handler DataCreatePostHandler
INFO | 2026-02-11T21:44:30.9526983Z | Route registered: GET /admin/data/{type}/{id} with handler DataViewHandler
INFO | 2026-02-11T21:44:30.9527017Z | Route registered: GET /admin/data/{type}/{id}/rtf with handler DataViewRtfHandler
INFO | 2026-02-11T21:44:30.9527050Z | Route registered: GET /admin/data/{type}/{id}/html with handler DataViewHtmlHandler
INFO | 2026-02-11T21:44:30.9527107Z | Route registered: GET /admin/data/{type}/{id}/edit with handler DataEditHandler
INFO | 2026-02-11T21:44:30.9527195Z | Route registered: POST /admin/data/{type}/{id}/edit with handler DataEditPostHandler
INFO | 2026-02-11T21:44:30.9527239Z | Route registered: POST /admin/data/{type}/{id}/clone with handler DataClonePostHandler
INFO | 2026-02-11T21:44:30.9527274Z | Route registered: POST /admin/data/{type}/{id}/clone-edit with handler DataCloneEditPostHandler
INFO | 2026-02-11T21:44:30.9527309Z | Route registered: GET /admin/data/{type}/{id}/delete with handler DataDeleteHandler
INFO | 2026-02-11T21:44:30.9527344Z | Route registered: POST /admin/data/{type}/{id}/delete with handler DataDeletePostHandler
INFO | 2026-02-11T21:44:30.9527379Z | Route registered: GET /api/{type} with handler DataApiListHandler
INFO | 2026-02-11T21:44:30.9527416Z | Route registered: POST /api/{type} with handler DataApiPostHandler
INFO | 2026-02-11T21:44:30.9527452Z | Route registered: GET /api/{type}/{id} with handler DataApiGetHandler
INFO | 2026-02-11T21:44:30.9527488Z | Route registered: PUT /api/{type}/{id} with handler DataApiPutHandler
INFO | 2026-02-11T21:44:30.9527527Z | Route registered: PATCH /api/{type}/{id} with handler DataApiPatchHandler
INFO | 2026-02-11T21:44:30.9527566Z | Route registered: DELETE /api/{type}/{id} with handler DataApiDeleteHandler
INFO | 2026-02-11T21:44:30.9527599Z | Route registered: GET /admin/reload-templates with handler ReloadTemplatesHandler
INFO | 2026-02-11T21:44:30.9527618Z | Route registered: GET /status with handler <BuildPageHandler>b__0
INFO | 2026-02-11T21:44:30.9527647Z | Route registered: GET /statusRaw with handler TimeRawHandler
INFO | 2026-02-11T21:44:30.9733566Z | ClientRequestTracker pruning loop starting.
INFO | 2026-02-11T21:44:30.9756079Z | WireUpRequestHandlingAndLoggerAsyncLifetime completed and request handling is live.
INFO | 2026-02-11T21:44:31.0016947Z | BareMetalWeb server is ready - listening for requests on http://localhost:5232
INFO | 2026-02-11T21:44:31.0037354Z | HTTPS redirect settings: mode=IfAvailable, trustForwardedHeaders=False, redirectHost=(auto), redirectPort=(auto)
INFO | 2026-02-11T21:44:31.0042217Z | HTTPS endpoint not configured. Configure HTTPS (ASPNETCORE_URLS / Kestrel) to expose an https:// address.
INFO | 2026-02-11T21:44:35.1031211Z | GET /admin/data/customers|GET|/admin/data/{type}|type=customers|200|::1
INFO | 2026-02-11T21:46:14.6060361Z | Log segment complete; cycling to next segment.
