INFO | 2026-02-11T21:19:07.3492592Z | GET /admin/data/to-do|GET|/admin/data/{type}|type=to-do|200|::1
INFO | 2026-02-11T21:19:07.4154475Z | GET /.well-known/appspecific/com.chrome.devtools.json|404|::1
INFO | 2026-02-11T21:19:07.4177984Z | GET /static/css/bootstrap.min.css|200|::1|static
INFO | 2026-02-11T21:19:07.4189287Z | GET /static/css/site.css|200|::1|static
INFO | 2026-02-11T21:19:07.4996276Z | GET /static/css/bootstrap.min.css.map|404|::1|static
INFO | 2026-02-11T21:19:13.4862609Z | GET /admin/data/to-do|GET|/admin/data/{type}|type=to-do|200|::1
INFO | 2026-02-11T21:19:13.5313174Z | GET /.well-known/appspecific/com.chrome.devtools.json|404|::1
INFO | 2026-02-11T21:19:13.5335494Z | GET /static/css/site.css|200|::1|static
INFO | 2026-02-11T21:19:13.5336216Z | GET /static/css/bootstrap.min.css|200|::1|static
INFO | 2026-02-11T21:19:13.6212798Z | GET /static/css/bootstrap.min.css.map|404|::1|static
INFO | 2026-02-11T21:19:16.5813192Z | GET /admin/data/customers|GET|/admin/data/{type}|type=customers|200|::1
INFO | 2026-02-11T21:19:16.6212457Z | GET /.well-known/appspecific/com.chrome.devtools.json|404|::1
INFO | 2026-02-11T21:19:16.6231802Z | GET /static/css/bootstrap.min.css|200|::1|static
INFO | 2026-02-11T21:19:16.6282015Z | GET /static/css/site.css|200|::1|static
INFO | 2026-02-11T21:19:16.7154352Z | GET /static/css/bootstrap.min.css.map|404|::1|static
INFO | 2026-02-11T21:19:20.7219575Z | GET /admin/data/customers|GET|/admin/data/{type}|type=customers|200|::1
INFO | 2026-02-11T21:19:20.7734607Z | GET /.well-known/appspecific/com.chrome.devtools.json|404|::1
INFO | 2026-02-11T21:19:20.7798698Z | GET /static/css/bootstrap.min.css|200|::1|static
INFO | 2026-02-11T21:19:20.7918027Z | GET /static/css/site.css|200|::1|static
INFO | 2026-02-11T21:19:20.8622934Z | GET /static/css/bootstrap.min.css.map|404|::1|static
INFO | 2026-02-11T21:19:30.1315607Z | GET /admin/data/customers|GET|/admin/data/{type}|type=customers|200|::1
INFO | 2026-02-11T21:19:30.1933541Z | GET /.well-known/appspecific/com.chrome.devtools.json|404|::1
INFO | 2026-02-11T21:19:30.1967693Z | GET /static/css/bootstrap.min.css|200|::1|static
INFO | 2026-02-11T21:19:30.2039009Z | GET /static/css/site.css|200|::1|static
INFO | 2026-02-11T21:19:30.2960682Z | GET /static/css/bootstrap.min.css.map|404|::1|static
INFO | 2026-02-11T21:19:33.5890546Z | GET /account/mfa|200|::1
INFO | 2026-02-11T21:19:33.6741020Z | GET /.well-known/appspecific/com.chrome.devtools.json|404|::1
INFO | 2026-02-11T21:19:33.6786093Z | GET /static/css/site.css|200|::1|static
INFO | 2026-02-11T21:19:33.6794620Z | GET /static/css/bootstrap.min.css|200|::1|static
INFO | 2026-02-11T21:19:33.7458882Z | GET /static/css/bootstrap.min.css.map|404|::1|static
INFO | 2026-02-11T21:19:35.5354931Z | GET /admin/data/products|GET|/admin/data/{type}|type=products|200|::1
INFO | 2026-02-11T21:19:35.6014551Z | GET /.well-known/appspecific/com.chrome.devtools.json|404|::1
INFO | 2026-02-11T21:19:35.6076676Z | GET /static/css/site.css|200|::1|static
INFO | 2026-02-11T21:19:35.6176780Z | GET /static/css/bootstrap.min.css|200|::1|static
INFO | 2026-02-11T21:19:35.6900792Z | GET /static/css/bootstrap.min.css.map|404|::1|static
INFO | 2026-02-11T21:19:38.5709889Z | GET /admin/data/products|GET|/admin/data/{type}|type=products|200|::1
INFO | 2026-02-11T21:19:38.6047872Z | GET /.well-known/appspecific/com.chrome.devtools.json|404|::1
INFO | 2026-02-11T21:19:38.6067406Z | GET /static/css/bootstrap.min.css|200|::1|static
INFO | 2026-02-11T21:19:38.6086736Z | GET /static/css/site.css|200|::1|static
INFO | 2026-02-11T21:19:38.6776813Z | GET /static/css/bootstrap.min.css.map|404|::1|static
INFO | 2026-02-11T21:19:53.9417020Z | GET /admin/sample-data|200|::1
INFO | 2026-02-11T21:19:53.9871668Z | GET /.well-known/appspecific/com.chrome.devtools.json|404|::1
INFO | 2026-02-11T21:19:53.9880189Z | GET /static/css/bootstrap.min.css|200|::1|static
INFO | 2026-02-11T21:19:53.9917675Z | GET /static/css/site.css|200|::1|static
INFO | 2026-02-11T21:19:54.0678972Z | GET /static/css/bootstrap.min.css.map|404|::1|static
INFO | 2026-02-11T21:20:04.7973413Z | Log segment complete; cycling to next segment.
