INFO | 2026-02-11T21:15:02.4466002Z | GET /admin/data/products|GET|/admin/data/{type}|type=products|200|::1
INFO | 2026-02-11T21:15:03.9989687Z | GET /admin/data/products/create|GET|/admin/data/{type}/create|type=products|200|::1
INFO | 2026-02-11T21:15:21.3516622Z | GET /admin/data/units-of-measure|GET|/admin/data/{type}|type=units-of-measure|200|::1
INFO | 2026-02-11T21:15:22.4724902Z | GET /admin/data/units-of-measure/create|GET|/admin/data/{type}/create|type=units-of-measure|200|::1
INFO | 2026-02-11T21:15:32.4027451Z | POST /admin/data/units-of-measure/create|POST|/admin/data/{type}/create|type=units-of-measure|200|::1
INFO | 2026-02-11T21:15:32.4402496Z | GET /admin/data/units-of-measure|GET|/admin/data/{type}|type=units-of-measure|200|::1
INFO | 2026-02-11T21:15:36.5416324Z | GET /admin/data/products|GET|/admin/data/{type}|type=products|200|::1
INFO | 2026-02-11T21:15:37.4539751Z | GET /admin/data/products/create|GET|/admin/data/{type}/create|type=products|200|::1
INFO | 2026-02-11T21:15:46.5777767Z | GET /admin/data/products/create|GET|/admin/data/{type}/create|type=products|200|::1
INFO | 2026-02-11T21:15:54.6411522Z | Starting BareMetalWeb server...
INFO | 2026-02-11T21:15:54.9176464Z | Route registered: GET / with handler DefaultPageHandler
INFO | 2026-02-11T21:15:54.9179846Z | Route registered: GET /metrics with handler <BuildPageHandler>b__0
INFO | 2026-02-11T21:15:54.9182182Z | Route registered: GET /metrics/json with handler MetricsJsonHandler
INFO | 2026-02-11T21:15:54.9188850Z | Route registered: GET /admin/logs with handler LogsViewerHandler
INFO | 2026-02-11T21:15:54.9189081Z | Route registered: GET /admin/logs/prune with handler LogsPruneHandler
INFO | 2026-02-11T21:15:54.9189196Z | Route registered: POST /admin/logs/prune with handler LogsPrunePostHandler
INFO | 2026-02-11T21:15:54.9189404Z | Route registered: GET /admin/logs/download with handler LogsDownloadHandler
INFO | 2026-02-11T21:15:54.9189483Z | Route registered: GET /admin/sample-data with handler SampleDataHandler
INFO | 2026-02-11T21:15:54.9189555Z | Route registered: POST /admin/sample-data with handler SampleDataPostHandler
INFO | 2026-02-11T21:15:54.9189638Z | Route registered: GET /topips with handler <BuildPageHandler>b__0
INFO | 2026-02-11T21:15:54.9189671Z | Route registered: GET /suspiciousips with handler <BuildPageHandler>b__0
INFO | 2026-02-11T21:15:54.9189739Z | Route registered: GET /login with handler LoginHandler
INFO | 2026-02-11T21:15:54.9189812Z | Route registered: POST /login with handler LoginPostHandler
INFO | 2026-02-11T21:15:54.9189904Z | Route registered: GET /mfa with handler MfaChallengeHandler
INFO | 2026-02-11T21:15:54.9189956Z | Route registered: POST /mfa with handler MfaChallengePostHandler
INFO | 2026-02-11T21:15:54.9190012Z | Route registered: GET /logout with handler LogoutHandler
INFO | 2026-02-11T21:15:54.9190070Z | Route registered: POST /logout with handler LogoutPostHandler
INFO | 2026-02-11T21:15:54.9190132Z | Route registered: GET /account with handler AccountHandler
INFO | 2026-02-11T21:15:54.9190219Z | Route registered: GET /account/mfa with handler MfaStatusHandler
INFO | 2026-02-11T21:15:54.9190293Z | Route registered: GET /account/mfa/setup with handler MfaSetupHandler
INFO | 2026-02-11T21:15:54.9190346Z | Route registered: POST /account/mfa/setup with handler MfaSetupPostHandler
INFO | 2026-02-11T21:15:54.9190399Z | Route registered: GET /account/mfa/reset with handler MfaResetHandler
INFO | 2026-02-11T21:15:54.9190449Z | Route registered: POST /account/mfa/reset with handler MfaResetPostHandler
INFO | 2026-02-11T21:15:54.9190502Z | Route registered: GET /setup with handler SetupHandler
INFO | 2026-02-11T21:15:54.9190558Z | Route registered: POST /setup with handler SetupPostHandler
INFO | 2026-02-11T21:15:54.9190618Z | Route registered: GET /admin/data with handler DataEntitiesHandler
INFO | 2026-02-11T21:15:54.9190722Z | Route registered: GET /admin/data/{type} with handler DataListHandler
INFO | 2026-02-11T21:15:54.9190782Z | Route registered: GET /admin/data/{type}/csv with handler DataListCsvHandler
INFO | 2026-02-11T21:15:54.9190840Z | Route registered: GET /admin/data/{type}/html with handler DataListHtmlHandler
INFO | 2026-02-11T21:15:54.9190901Z | Route registered: GET /admin/data/{type}/import with handler DataImportHandler
INFO | 2026-02-11T21:15:54.9190967Z | Route registered: POST /admin/data/{type}/import with handler DataImportPostHandler
INFO | 2026-02-11T21:15:54.9191026Z | Route registered: GET /admin/data/{type}/create with handler DataCreateHandler
INFO | 2026-02-11T21:15:54.9191094Z | Route registered: POST /admin/data/{type}/create with handler DataCreatePostHandler
INFO | 2026-02-11T21:15:54.9191154Z | Route registered: GET /admin/data/{type}/{id} with handler DataViewHandler
INFO | 2026-02-11T21:15:54.9191221Z | Route registered: GET /admin/data/{type}/{id}/rtf with handler DataViewRtfHandler
INFO | 2026-02-11T21:15:54.9191280Z | Route registered: GET /admin/data/{type}/{id}/html with handler DataViewHtmlHandler
INFO | 2026-02-11T21:15:54.9191376Z | Route registered: GET /admin/data/{type}/{id}/edit with handler DataEditHandler
INFO | 2026-02-11T21:15:54.9191460Z | Route registered: POST /admin/data/{type}/{id}/edit with handler DataEditPostHandler
INFO | 2026-02-11T21:15:54.9191535Z | Route registered: POST /admin/data/{type}/{id}/clone with handler DataClonePostHandler
INFO | 2026-02-11T21:15:54.9191603Z | Route registered: POST /admin/data/{type}/{id}/clone-edit with handler DataCloneEditPostHandler
INFO | 2026-02-11T21:15:54.9191667Z | Route registered: GET /admin/data/{type}/{id}/delete with handler DataDeleteHandler
INFO | 2026-02-11T21:15:54.9191736Z | Route registered: POST /admin/data/{type}/{id}/delete with handler DataDeletePostHandler
INFO | 2026-02-11T21:15:54.9191802Z | Route registered: GET /api/{type} with handler DataApiListHandler
INFO | 2026-02-11T21:15:54.9191865Z | Route registered: POST /api/{type} with handler DataApiPostHandler
INFO | 2026-02-11T21:15:54.9191929Z | Route registered: GET /api/{type}/{id} with handler DataApiGetHandler
INFO | 2026-02-11T21:15:54.9191994Z | Route registered: PUT /api/{type}/{id} with handler DataApiPutHandler
INFO | 2026-02-11T21:15:54.9192069Z | Route registered: PATCH /api/{type}/{id} with handler DataApiPatchHandler
INFO | 2026-02-11T21:15:54.9192142Z | Route registered: DELETE /api/{type}/{id} with handler DataApiDeleteHandler
INFO | 2026-02-11T21:15:54.9192199Z | Route registered: GET /admin/reload-templates with handler ReloadTemplatesHandler
INFO | 2026-02-11T21:15:54.9192232Z | Route registered: GET /status with handler <BuildPageHandler>b__0
INFO | 2026-02-11T21:15:54.9192288Z | Route registered: GET /statusRaw with handler TimeRawHandler
INFO | 2026-02-11T21:15:54.9424464Z | ClientRequestTracker pruning loop starting.
INFO | 2026-02-11T21:15:54.9445402Z | WireUpRequestHandlingAndLoggerAsyncLifetime completed and request handling is live.
INFO | 2026-02-11T21:15:54.9704055Z | BareMetalWeb server is ready - listening for requests on http://localhost:5232
INFO | 2026-02-11T21:15:54.9725130Z | HTTPS redirect settings: mode=IfAvailable, trustForwardedHeaders=False, redirectHost=(auto), redirectPort=(auto)
INFO | 2026-02-11T21:15:54.9729380Z | HTTPS endpoint not configured. Configure HTTPS (ASPNETCORE_URLS / Kestrel) to expose an https:// address.
INFO | 2026-02-11T21:17:28.9225668Z | Log segment complete; cycling to next segment.
