INFO | 2026-02-11T21:49:02.8818482Z | GET /admin/data/customers|500|::1
INFO | 2026-02-11T21:49:17.6909500Z | Starting BareMetalWeb server...
INFO | 2026-02-11T21:49:19.1415842Z | Route registered: GET / with handler DefaultPageHandler
INFO | 2026-02-11T21:49:19.1417380Z | Route registered: GET /metrics with handler <BuildPageHandler>b__0
INFO | 2026-02-11T21:49:19.1418579Z | Route registered: GET /metrics/json with handler MetricsJsonHandler
INFO | 2026-02-11T21:49:19.1421842Z | Route registered: GET /admin/logs with handler LogsViewerHandler
INFO | 2026-02-11T21:49:19.1421983Z | Route registered: GET /admin/logs/prune with handler LogsPruneHandler
INFO | 2026-02-11T21:49:19.1422044Z | Route registered: POST /admin/logs/prune with handler LogsPrunePostHandler
INFO | 2026-02-11T21:49:19.1422174Z | Route registered: GET /admin/logs/download with handler LogsDownloadHandler
INFO | 2026-02-11T21:49:19.1422229Z | Route registered: GET /admin/sample-data with handler SampleDataHandler
INFO | 2026-02-11T21:49:19.1422272Z | Route registered: POST /admin/sample-data with handler SampleDataPostHandler
INFO | 2026-02-11T21:49:19.1422307Z | Route registered: GET /topips with handler <BuildPageHandler>b__0
INFO | 2026-02-11T21:49:19.1422323Z | Route registered: GET /suspiciousips with handler <BuildPageHandler>b__0
INFO | 2026-02-11T21:49:19.1422354Z | Route registered: GET /login with handler LoginHandler
INFO | 2026-02-11T21:49:19.1422395Z | Route registered: POST /login with handler LoginPostHandler
INFO | 2026-02-11T21:49:19.1422455Z | Route registered: GET /mfa with handler MfaChallengeHandler
INFO | 2026-02-11T21:49:19.1422489Z | Route registered: POST /mfa with handler MfaChallengePostHandler
INFO | 2026-02-11T21:49:19.1422534Z | Route registered: GET /logout with handler LogoutHandler
INFO | 2026-02-11T21:49:19.1422568Z | Route registered: POST /logout with handler LogoutPostHandler
INFO | 2026-02-11T21:49:19.1422612Z | Route registered: GET /account with handler AccountHandler
INFO | 2026-02-11T21:49:19.1422670Z | Route registered: GET /account/mfa with handler MfaStatusHandler
INFO | 2026-02-11T21:49:19.1422713Z | Route registered: GET /account/mfa/setup with handler MfaSetupHandler
INFO | 2026-02-11T21:49:19.1422763Z | Route registered: POST /account/mfa/setup with handler MfaSetupPostHandler
INFO | 2026-02-11T21:49:19.1422798Z | Route registered: GET /account/mfa/reset with handler MfaResetHandler
INFO | 2026-02-11T21:49:19.1422834Z | Route registered: POST /account/mfa/reset with handler MfaResetPostHandler
INFO | 2026-02-11T21:49:19.1422869Z | Route registered: GET /setup with handler SetupHandler
INFO | 2026-02-11T21:49:19.1422904Z | Route registered: POST /setup with handler SetupPostHandler
INFO | 2026-02-11T21:49:19.1422947Z | Route registered: GET /admin/data with handler DataEntitiesHandler
INFO | 2026-02-11T21:49:19.1423010Z | Route registered: GET /admin/data/{type} with handler DataListHandler
INFO | 2026-02-11T21:49:19.1423068Z | Route registered: GET /admin/data/{type}/csv with handler DataListCsvHandler
INFO | 2026-02-11T21:49:19.1423111Z | Route registered: GET /admin/data/{type}/html with handler DataListHtmlHandler
INFO | 2026-02-11T21:49:19.1423202Z | Route registered: GET /admin/data/{type}/import with handler DataImportHandler
INFO | 2026-02-11T21:49:19.1423273Z | Route registered: POST /admin/data/{type}/import with handler DataImportPostHandler
INFO | 2026-02-11T21:49:19.1423324Z | Route registered: GET /admin/data/{type}/create with handler DataCreateHandler
INFO | 2026-02-11T21:49:19.1423372Z | Route registered: POST /admin/data/{type}/create with handler DataCreatePostHandler
INFO | 2026-02-11T21:49:19.1423416Z | Route registered: GET /admin/data/{type}/{id} with handler DataViewHandler
INFO | 2026-02-11T21:49:19.1423468Z | Route registered: GET /admin/data/{type}/{id}/rtf with handler DataViewRtfHandler
INFO | 2026-02-11T21:49:19.1423512Z | Route registered: GET /admin/data/{type}/{id}/html with handler DataViewHtmlHandler
INFO | 2026-02-11T21:49:19.1423579Z | Route registered: GET /admin/data/{type}/{id}/edit with handler DataEditHandler
INFO | 2026-02-11T21:49:19.1423636Z | Route registered: POST /admin/data/{type}/{id}/edit with handler DataEditPostHandler
INFO | 2026-02-11T21:49:19.1423693Z | Route registered: POST /admin/data/{type}/{id}/clone with handler DataClonePostHandler
INFO | 2026-02-11T21:49:19.1423745Z | Route registered: POST /admin/data/{type}/{id}/clone-edit with handler DataCloneEditPostHandler
INFO | 2026-02-11T21:49:19.1423791Z | Route registered: GET /admin/data/{type}/{id}/delete with handler DataDeleteHandler
INFO | 2026-02-11T21:49:19.1423839Z | Route registered: POST /admin/data/{type}/{id}/delete with handler DataDeletePostHandler
INFO | 2026-02-11T21:49:19.1423891Z | Route registered: GET /api/{type} with handler DataApiListHandler
INFO | 2026-02-11T21:49:19.1423940Z | Route registered: POST /api/{type} with handler DataApiPostHandler
INFO | 2026-02-11T21:49:19.1423989Z | Route registered: GET /api/{type}/{id} with handler DataApiGetHandler
INFO | 2026-02-11T21:49:19.1424040Z | Route registered: PUT /api/{type}/{id} with handler DataApiPutHandler
INFO | 2026-02-11T21:49:19.1424091Z | Route registered: PATCH /api/{type}/{id} with handler DataApiPatchHandler
INFO | 2026-02-11T21:49:19.1424155Z | Route registered: DELETE /api/{type}/{id} with handler DataApiDeleteHandler
INFO | 2026-02-11T21:49:19.1424202Z | Route registered: GET /admin/reload-templates with handler ReloadTemplatesHandler
INFO | 2026-02-11T21:49:19.1424217Z | Route registered: GET /status with handler <BuildPageHandler>b__0
INFO | 2026-02-11T21:49:19.1424262Z | Route registered: GET /statusRaw with handler TimeRawHandler
INFO | 2026-02-11T21:49:19.1632684Z | ClientRequestTracker pruning loop starting.
INFO | 2026-02-11T21:49:19.1656836Z | WireUpRequestHandlingAndLoggerAsyncLifetime completed and request handling is live.
INFO | 2026-02-11T21:49:19.1947742Z | BareMetalWeb server is ready - listening for requests on http://localhost:5232
INFO | 2026-02-11T21:49:19.1966315Z | HTTPS redirect settings: mode=IfAvailable, trustForwardedHeaders=False, redirectHost=(auto), redirectPort=(auto)
INFO | 2026-02-11T21:49:19.1972013Z | HTTPS endpoint not configured. Configure HTTPS (ASPNETCORE_URLS / Kestrel) to expose an https:// address.
INFO | 2026-02-11T22:20:59.0926623Z | Log segment complete; cycling to next segment.
