INFO | 2026-02-11T21:21:00.7446919Z | GET /account|200|::1
INFO | 2026-02-11T21:21:00.7950994Z | GET /.well-known/appspecific/com.chrome.devtools.json|404|::1
INFO | 2026-02-11T21:21:00.7962858Z | GET /static/css/bootstrap.min.css|200|::1|static
INFO | 2026-02-11T21:21:00.7982091Z | GET /static/css/site.css|200|::1|static
INFO | 2026-02-11T21:21:00.8788749Z | GET /static/css/bootstrap.min.css.map|404|::1|static
INFO | 2026-02-11T21:21:06.6692766Z | GET /metrics|200|::1
INFO | 2026-02-11T21:21:06.7088316Z | GET /static/css/bootstrap.min.css|200|::1|static
INFO | 2026-02-11T21:21:06.7182985Z | GET /static/css/site.css|200|::1|static
INFO | 2026-02-11T21:21:06.7193073Z | GET /.well-known/appspecific/com.chrome.devtools.json|404|::1
INFO | 2026-02-11T21:21:06.7915067Z | GET /static/css/bootstrap.min.css.map|404|::1|static
INFO | 2026-02-11T21:21:12.7601129Z | GET /metrics|200|::1
INFO | 2026-02-11T21:21:12.7927673Z | GET /.well-known/appspecific/com.chrome.devtools.json|404|::1
INFO | 2026-02-11T21:21:12.7964287Z | GET /static/css/bootstrap.min.css|200|::1|static
INFO | 2026-02-11T21:21:12.7987416Z | GET /static/css/site.css|200|::1|static
INFO | 2026-02-11T21:21:12.8774466Z | GET /static/css/bootstrap.min.css.map|404|::1|static
INFO | 2026-02-11T21:21:43.2800368Z | GET /account/mfa|200|::1
INFO | 2026-02-11T21:21:43.3243072Z | GET /.well-known/appspecific/com.chrome.devtools.json|404|::1
INFO | 2026-02-11T21:21:43.3284162Z | GET /static/css/bootstrap.min.css|200|::1|static
INFO | 2026-02-11T21:21:43.3289252Z | GET /static/css/site.css|200|::1|static
INFO | 2026-02-11T21:21:43.4073365Z | GET /static/css/bootstrap.min.css.map|404|::1|static
INFO | 2026-02-11T21:21:45.5613623Z | GET /admin/data/currencies|GET|/admin/data/{type}|type=currencies|200|::1
INFO | 2026-02-11T21:21:45.5991221Z | GET /.well-known/appspecific/com.chrome.devtools.json|404|::1
INFO | 2026-02-11T21:21:45.6016443Z | GET /static/css/site.css|200|::1|static
INFO | 2026-02-11T21:21:45.6019842Z | GET /static/css/bootstrap.min.css|200|::1|static
INFO | 2026-02-11T21:21:45.6770481Z | GET /static/css/bootstrap.min.css.map|404|::1|static
INFO | 2026-02-11T21:21:51.4416029Z | GET /account|200|::1
INFO | 2026-02-11T21:21:51.4847425Z | GET /.well-known/appspecific/com.chrome.devtools.json|404|::1
INFO | 2026-02-11T21:21:51.4873706Z | GET /static/css/bootstrap.min.css|200|::1|static
INFO | 2026-02-11T21:21:51.4902847Z | GET /static/css/site.css|200|::1|static
INFO | 2026-02-11T21:21:51.5566918Z | GET /static/css/bootstrap.min.css.map|404|::1|static
INFO | 2026-02-11T21:21:53.3871437Z | GET /admin/data|200|::1
INFO | 2026-02-11T21:21:53.4257328Z | GET /.well-known/appspecific/com.chrome.devtools.json|404|::1
INFO | 2026-02-11T21:21:53.4272534Z | GET /static/css/bootstrap.min.css|200|::1|static
INFO | 2026-02-11T21:21:53.4282372Z | GET /static/css/site.css|200|::1|static
INFO | 2026-02-11T21:21:53.4893628Z | GET /static/css/bootstrap.min.css.map|404|::1|static
INFO | 2026-02-11T21:21:54.8088919Z | GET /admin/data/addresses|GET|/admin/data/{type}|type=addresses|200|::1
INFO | 2026-02-11T21:21:54.8593026Z | GET /.well-known/appspecific/com.chrome.devtools.json|404|::1
INFO | 2026-02-11T21:21:54.8702463Z | GET /static/css/bootstrap.min.css|200|::1|static
INFO | 2026-02-11T21:21:54.8704235Z | GET /static/css/site.css|200|::1|static
INFO | 2026-02-11T21:21:55.0447831Z | GET /static/css/bootstrap.min.css.map|404|::1|static
INFO | 2026-02-11T21:21:56.6820226Z | GET /admin/data/addresses/csv|GET|/admin/data/{type}/csv|type=addresses|200|::1
INFO | 2026-02-11T21:22:07.0277785Z | Log segment complete; cycling to next segment.
