INFO | 2026-02-11T21:14:29.5135368Z | Starting BareMetalWeb server...
INFO | 2026-02-11T21:14:30.0754774Z | Updated root permissions for root.
INFO | 2026-02-11T21:14:31.4201845Z | Route registered: GET / with handler DefaultPageHandler
INFO | 2026-02-11T21:14:31.4203655Z | Route registered: GET /metrics with handler <BuildPageHandler>b__0
INFO | 2026-02-11T21:14:31.4205151Z | Route registered: GET /metrics/json with handler MetricsJsonHandler
INFO | 2026-02-11T21:14:31.4211981Z | Route registered: GET /admin/logs with handler LogsViewerHandler
INFO | 2026-02-11T21:14:31.4212247Z | Route registered: GET /admin/logs/prune with handler LogsPruneHandler
INFO | 2026-02-11T21:14:31.4212369Z | Route registered: POST /admin/logs/prune with handler LogsPrunePostHandler
INFO | 2026-02-11T21:14:31.4212645Z | Route registered: GET /admin/logs/download with handler LogsDownloadHandler
INFO | 2026-02-11T21:14:31.4213112Z | Route registered: GET /admin/sample-data with handler SampleDataHandler
INFO | 2026-02-11T21:14:31.4213223Z | Route registered: POST /admin/sample-data with handler SampleDataPostHandler
INFO | 2026-02-11T21:14:31.4213329Z | Route registered: GET /topips with handler <BuildPageHandler>b__0
INFO | 2026-02-11T21:14:31.4213364Z | Route registered: GET /suspiciousips with handler <BuildPageHandler>b__0
INFO | 2026-02-11T21:14:31.4213446Z | Route registered: GET /login with handler LoginHandler
INFO | 2026-02-11T21:14:31.4213538Z | Route registered: POST /login with handler LoginPostHandler
INFO | 2026-02-11T21:14:31.4213651Z | Route registered: GET /mfa with handler MfaChallengeHandler
INFO | 2026-02-11T21:14:31.4213727Z | Route registered: POST /mfa with handler MfaChallengePostHandler
INFO | 2026-02-11T21:14:31.4213827Z | Route registered: GET /logout with handler LogoutHandler
INFO | 2026-02-11T21:14:31.4213899Z | Route registered: POST /logout with handler LogoutPostHandler
INFO | 2026-02-11T21:14:31.4214003Z | Route registered: GET /account with handler AccountHandler
INFO | 2026-02-11T21:14:31.4214158Z | Route registered: GET /account/mfa with handler MfaStatusHandler
INFO | 2026-02-11T21:14:31.4214247Z | Route registered: GET /account/mfa/setup with handler MfaSetupHandler
INFO | 2026-02-11T21:14:31.4214356Z | Route registered: POST /account/mfa/setup with handler MfaSetupPostHandler
INFO | 2026-02-11T21:14:31.4214435Z | Route registered: GET /account/mfa/reset with handler MfaResetHandler
INFO | 2026-02-11T21:14:31.4214520Z | Route registered: POST /account/mfa/reset with handler MfaResetPostHandler
INFO | 2026-02-11T21:14:31.4214606Z | Route registered: GET /setup with handler SetupHandler
INFO | 2026-02-11T21:14:31.4214694Z | Route registered: POST /setup with handler SetupPostHandler
INFO | 2026-02-11T21:14:31.4214790Z | Route registered: GET /admin/data with handler DataEntitiesHandler
INFO | 2026-02-11T21:14:31.4214944Z | Route registered: GET /admin/data/{type} with handler DataListHandler
INFO | 2026-02-11T21:14:31.4215020Z | Route registered: GET /admin/data/{type}/csv with handler DataListCsvHandler
INFO | 2026-02-11T21:14:31.4215069Z | Route registered: GET /admin/data/{type}/html with handler DataListHtmlHandler
INFO | 2026-02-11T21:14:31.4215178Z | Route registered: GET /admin/data/{type}/import with handler DataImportHandler
INFO | 2026-02-11T21:14:31.4215277Z | Route registered: POST /admin/data/{type}/import with handler DataImportPostHandler
INFO | 2026-02-11T21:14:31.4215338Z | Route registered: GET /admin/data/{type}/create with handler DataCreateHandler
INFO | 2026-02-11T21:14:31.4215388Z | Route registered: POST /admin/data/{type}/create with handler DataCreatePostHandler
INFO | 2026-02-11T21:14:31.4215445Z | Route registered: GET /admin/data/{type}/{id} with handler DataViewHandler
INFO | 2026-02-11T21:14:31.4215497Z | Route registered: GET /admin/data/{type}/{id}/rtf with handler DataViewRtfHandler
INFO | 2026-02-11T21:14:31.4215549Z | Route registered: GET /admin/data/{type}/{id}/html with handler DataViewHtmlHandler
INFO | 2026-02-11T21:14:31.4215629Z | Route registered: GET /admin/data/{type}/{id}/edit with handler DataEditHandler
INFO | 2026-02-11T21:14:31.4215693Z | Route registered: POST /admin/data/{type}/{id}/edit with handler DataEditPostHandler
INFO | 2026-02-11T21:14:31.4215755Z | Route registered: POST /admin/data/{type}/{id}/clone with handler DataClonePostHandler
INFO | 2026-02-11T21:14:31.4215815Z | Route registered: POST /admin/data/{type}/{id}/clone-edit with handler DataCloneEditPostHandler
INFO | 2026-02-11T21:14:31.4215872Z | Route registered: GET /admin/data/{type}/{id}/delete with handler DataDeleteHandler
INFO | 2026-02-11T21:14:31.4215929Z | Route registered: POST /admin/data/{type}/{id}/delete with handler DataDeletePostHandler
INFO | 2026-02-11T21:14:31.4215984Z | Route registered: GET /api/{type} with handler DataApiListHandler
INFO | 2026-02-11T21:14:31.4216041Z | Route registered: POST /api/{type} with handler DataApiPostHandler
INFO | 2026-02-11T21:14:31.4216098Z | Route registered: GET /api/{type}/{id} with handler DataApiGetHandler
INFO | 2026-02-11T21:14:31.4216158Z | Route registered: PUT /api/{type}/{id} with handler DataApiPutHandler
INFO | 2026-02-11T21:14:31.4216232Z | Route registered: PATCH /api/{type}/{id} with handler DataApiPatchHandler
INFO | 2026-02-11T21:14:31.4216293Z | Route registered: DELETE /api/{type}/{id} with handler DataApiDeleteHandler
INFO | 2026-02-11T21:14:31.4216349Z | Route registered: GET /admin/reload-templates with handler ReloadTemplatesHandler
INFO | 2026-02-11T21:14:31.4216366Z | Route registered: GET /status with handler <BuildPageHandler>b__0
INFO | 2026-02-11T21:14:31.4216419Z | Route registered: GET /statusRaw with handler TimeRawHandler
INFO | 2026-02-11T21:14:31.4436442Z | ClientRequestTracker pruning loop starting.
INFO | 2026-02-11T21:14:31.4459287Z | WireUpRequestHandlingAndLoggerAsyncLifetime completed and request handling is live.
INFO | 2026-02-11T21:14:31.4819918Z | BareMetalWeb server is ready - listening for requests on http://localhost:5232
INFO | 2026-02-11T21:14:31.4838626Z | HTTPS redirect settings: mode=IfAvailable, trustForwardedHeaders=False, redirectHost=(auto), redirectPort=(auto)
INFO | 2026-02-11T21:14:31.4842643Z | HTTPS endpoint not configured. Configure HTTPS (ASPNETCORE_URLS / Kestrel) to expose an https:// address.
INFO | 2026-02-11T21:14:34.3402649Z | GET /|200|::1
INFO | 2026-02-11T21:14:36.9997242Z | GET /admin/data|200|::1
INFO | 2026-02-11T21:14:39.7537286Z | GET /admin/data/users|GET|/admin/data/{type}|type=users|200|::1
INFO | 2026-02-11T21:14:46.0239833Z | GET /admin/data/customers|GET|/admin/data/{type}|type=customers|200|::1
INFO | 2026-02-11T21:14:47.4486922Z | GET /admin/data/customers/create|GET|/admin/data/{type}/create|type=customers|200|::1
INFO | 2026-02-11T21:14:56.1810051Z | Schema updated for Customer. New version 1 (hash 698475689).
INFO | 2026-02-11T21:14:56.1897082Z | Tracked index Customer._clustered.
INFO | 2026-02-11T21:14:56.1943921Z | POST /admin/data/customers/create|POST|/admin/data/{type}/create|type=customers|200|::1
INFO | 2026-02-11T21:14:56.2359340Z | GET /admin/data/customers|GET|/admin/data/{type}|type=customers|200|::1
INFO | 2026-02-11T21:14:59.2818247Z | GET /admin/data/addresses|GET|/admin/data/{type}|type=addresses|200|::1
INFO | 2026-02-11T21:15:02.6100822Z | Log segment complete; cycling to next segment.
