INFO | 2026-02-11T21:46:14.5880938Z | GET /admin/data/customers|GET|/admin/data/{type}|type=customers|200|::1
INFO | 2026-02-11T21:46:16.3382256Z | GET /admin/data/customers|GET|/admin/data/{type}|type=customers|200|::1
INFO | 2026-02-11T21:46:43.4588019Z | Starting BareMetalWeb server...
INFO | 2026-02-11T21:46:43.7962430Z | Route registered: GET / with handler DefaultPageHandler
INFO | 2026-02-11T21:46:43.7963934Z | Route registered: GET /metrics with handler <BuildPageHandler>b__0
INFO | 2026-02-11T21:46:43.7965054Z | Route registered: GET /metrics/json with handler MetricsJsonHandler
INFO | 2026-02-11T21:46:43.7968411Z | Route registered: GET /admin/logs with handler LogsViewerHandler
INFO | 2026-02-11T21:46:43.7968545Z | Route registered: GET /admin/logs/prune with handler LogsPruneHandler
INFO | 2026-02-11T21:46:43.7968607Z | Route registered: POST /admin/logs/prune with handler LogsPrunePostHandler
INFO | 2026-02-11T21:46:43.7968720Z | Route registered: GET /admin/logs/download with handler LogsDownloadHandler
INFO | 2026-02-11T21:46:43.7968781Z | Route registered: GET /admin/sample-data with handler SampleDataHandler
INFO | 2026-02-11T21:46:43.7968821Z | Route registered: POST /admin/sample-data with handler SampleDataPostHandler
INFO | 2026-02-11T21:46:43.7968862Z | Route registered: GET /topips with handler <BuildPageHandler>b__0
INFO | 2026-02-11T21:46:43.7968880Z | Route registered: GET /suspiciousips with handler <BuildPageHandler>b__0
INFO | 2026-02-11T21:46:43.7968916Z | Route registered: GET /login with handler LoginHandler
INFO | 2026-02-11T21:46:43.7968956Z | Route registered: POST /login with handler LoginPostHandler
INFO | 2026-02-11T21:46:43.7969163Z | Route registered: GET /mfa with handler MfaChallengeHandler
INFO | 2026-02-11T21:46:43.7969204Z | Route registered: POST /mfa with handler MfaChallengePostHandler
INFO | 2026-02-11T21:46:43.7969235Z | Route registered: GET /logout with handler LogoutHandler
INFO | 2026-02-11T21:46:43.7969272Z | Route registered: POST /logout with handler LogoutPostHandler
INFO | 2026-02-11T21:46:43.7969312Z | Route registered: GET /account with handler AccountHandler
INFO | 2026-02-11T21:46:43.7969363Z | Route registered: GET /account/mfa with handler MfaStatusHandler
INFO | 2026-02-11T21:46:43.7969407Z | Route registered: GET /account/mfa/setup with handler MfaSetupHandler
INFO | 2026-02-11T21:46:43.7969438Z | Route registered: POST /account/mfa/setup with handler MfaSetupPostHandler
INFO | 2026-02-11T21:46:43.7969468Z | Route registered: GET /account/mfa/reset with handler MfaResetHandler
INFO | 2026-02-11T21:46:43.7969499Z | Route registered: POST /account/mfa/reset with handler MfaResetPostHandler
INFO | 2026-02-11T21:46:43.7969535Z | Route registered: GET /setup with handler SetupHandler
INFO | 2026-02-11T21:46:43.7969568Z | Route registered: POST /setup with handler SetupPostHandler
INFO | 2026-02-11T21:46:43.7969605Z | Route registered: GET /admin/data with handler DataEntitiesHandler
INFO | 2026-02-11T21:46:43.7969663Z | Route registered: GET /admin/data/{type} with handler DataListHandler
INFO | 2026-02-11T21:46:43.7969701Z | Route registered: GET /admin/data/{type}/csv with handler DataListCsvHandler
INFO | 2026-02-11T21:46:43.7969735Z | Route registered: GET /admin/data/{type}/html with handler DataListHtmlHandler
INFO | 2026-02-11T21:46:43.7969770Z | Route registered: GET /admin/data/{type}/import with handler DataImportHandler
INFO | 2026-02-11T21:46:43.7969804Z | Route registered: POST /admin/data/{type}/import with handler DataImportPostHandler
INFO | 2026-02-11T21:46:43.7969839Z | Route registered: GET /admin/data/{type}/create with handler DataCreateHandler
INFO | 2026-02-11T21:46:43.7969875Z | Route registered: POST /admin/data/{type}/create with handler DataCreatePostHandler
INFO | 2026-02-11T21:46:43.7969908Z | Route registered: GET /admin/data/{type}/{id} with handler DataViewHandler
INFO | 2026-02-11T21:46:43.7969949Z | Route registered: GET /admin/data/{type}/{id}/rtf with handler DataViewRtfHandler
INFO | 2026-02-11T21:46:43.7969983Z | Route registered: GET /admin/data/{type}/{id}/html with handler DataViewHtmlHandler
INFO | 2026-02-11T21:46:43.7970037Z | Route registered: GET /admin/data/{type}/{id}/edit with handler DataEditHandler
INFO | 2026-02-11T21:46:43.7970152Z | Route registered: POST /admin/data/{type}/{id}/edit with handler DataEditPostHandler
INFO | 2026-02-11T21:46:43.7970198Z | Route registered: POST /admin/data/{type}/{id}/clone with handler DataClonePostHandler
INFO | 2026-02-11T21:46:43.7970235Z | Route registered: POST /admin/data/{type}/{id}/clone-edit with handler DataCloneEditPostHandler
INFO | 2026-02-11T21:46:43.7970273Z | Route registered: GET /admin/data/{type}/{id}/delete with handler DataDeleteHandler
INFO | 2026-02-11T21:46:43.7970311Z | Route registered: POST /admin/data/{type}/{id}/delete with handler DataDeletePostHandler
INFO | 2026-02-11T21:46:43.7970348Z | Route registered: GET /api/{type} with handler DataApiListHandler
INFO | 2026-02-11T21:46:43.7970384Z | Route registered: POST /api/{type} with handler DataApiPostHandler
INFO | 2026-02-11T21:46:43.7970420Z | Route registered: GET /api/{type}/{id} with handler DataApiGetHandler
INFO | 2026-02-11T21:46:43.7970460Z | Route registered: PUT /api/{type}/{id} with handler DataApiPutHandler
INFO | 2026-02-11T21:46:43.7970503Z | Route registered: PATCH /api/{type}/{id} with handler DataApiPatchHandler
INFO | 2026-02-11T21:46:43.7970542Z | Route registered: DELETE /api/{type}/{id} with handler DataApiDeleteHandler
INFO | 2026-02-11T21:46:43.7970576Z | Route registered: GET /admin/reload-templates with handler ReloadTemplatesHandler
INFO | 2026-02-11T21:46:43.7970594Z | Route registered: GET /status with handler <BuildPageHandler>b__0
INFO | 2026-02-11T21:46:43.7970626Z | Route registered: GET /statusRaw with handler TimeRawHandler
INFO | 2026-02-11T21:46:43.8170001Z | ClientRequestTracker pruning loop starting.
INFO | 2026-02-11T21:46:43.8189336Z | WireUpRequestHandlingAndLoggerAsyncLifetime completed and request handling is live.
INFO | 2026-02-11T21:46:43.8447934Z | BareMetalWeb server is ready - listening for requests on http://localhost:5232
INFO | 2026-02-11T21:46:43.8467594Z | HTTPS redirect settings: mode=IfAvailable, trustForwardedHeaders=False, redirectHost=(auto), redirectPort=(auto)
INFO | 2026-02-11T21:46:43.8472705Z | HTTPS endpoint not configured. Configure HTTPS (ASPNETCORE_URLS / Kestrel) to expose an https:// address.
INFO | 2026-02-11T21:46:49.1225758Z | GET /|200|::1
INFO | 2026-02-11T21:46:52.8772503Z | GET /admin/data/customers|500|::1
INFO | 2026-02-11T21:49:02.9600187Z | Log segment complete; cycling to next segment.
