INFO | 2026-02-11T21:20:04.6356854Z | POST /admin/sample-data|200|::1
INFO | 2026-02-11T21:20:04.7031691Z | GET /static/css/bootstrap.min.css|200|::1|static
INFO | 2026-02-11T21:20:04.7084091Z | GET /.well-known/appspecific/com.chrome.devtools.json|404|::1
INFO | 2026-02-11T21:20:04.7087402Z | GET /static/css/site.css|200|::1|static
INFO | 2026-02-11T21:20:04.8202158Z | GET /static/css/bootstrap.min.css.map|404|::1|static
INFO | 2026-02-11T21:20:11.6237463Z | GET /admin/data/customers|500|::1
INFO | 2026-02-11T21:20:11.6714361Z | GET /.well-known/appspecific/com.chrome.devtools.json|404|::1
INFO | 2026-02-11T21:20:11.6750260Z | GET /static/css/bootstrap.min.css|200|::1|static
INFO | 2026-02-11T21:20:11.6829675Z | GET /static/css/site.css|200|::1|static
INFO | 2026-02-11T21:20:11.9637494Z | GET /static/css/bootstrap.min.css.map|404|::1|static
INFO | 2026-02-11T21:20:13.8844398Z | GET /admin/data/customers|500|::1
INFO | 2026-02-11T21:20:13.9272227Z | GET /.well-known/appspecific/com.chrome.devtools.json|404|::1
INFO | 2026-02-11T21:20:13.9287625Z | GET /static/css/bootstrap.min.css|200|::1|static
INFO | 2026-02-11T21:20:13.9309660Z | GET /static/css/site.css|200|::1|static
INFO | 2026-02-11T21:20:14.1321388Z | GET /static/css/bootstrap.min.css.map|404|::1|static
INFO | 2026-02-11T21:20:18.8622675Z | GET /admin/data/products|GET|/admin/data/{type}|type=products|200|::1
INFO | 2026-02-11T21:20:18.8941243Z | GET /static/css/bootstrap.min.css|200|::1|static
INFO | 2026-02-11T21:20:18.8983514Z | GET /static/css/site.css|200|::1|static
INFO | 2026-02-11T21:20:18.8985717Z | GET /.well-known/appspecific/com.chrome.devtools.json|404|::1
INFO | 2026-02-11T21:20:18.9961561Z | GET /static/css/bootstrap.min.css.map|404|::1|static
INFO | 2026-02-11T21:20:29.4129821Z | GET /admin/data/products/0a0c796856c749299f17d8daf5eb4f7f/edit|GET|/admin/data/{type}/{id}/edit|type=products, id=0a0c796856c749299f17d8daf5eb4f7f|200|::1
INFO | 2026-02-11T21:20:29.4496559Z | GET /static/css/bootstrap.min.css|200|::1|static
INFO | 2026-02-11T21:20:29.4561830Z | GET /.well-known/appspecific/com.chrome.devtools.json|404|::1
INFO | 2026-02-11T21:20:29.4566105Z | GET /static/css/site.css|200|::1|static
INFO | 2026-02-11T21:20:29.5633106Z | GET /static/css/bootstrap.min.css.map|404|::1|static
INFO | 2026-02-11T21:20:42.9236709Z | GET /admin/data/customers|500|::1
INFO | 2026-02-11T21:20:42.9627020Z | GET /.well-known/appspecific/com.chrome.devtools.json|404|::1
INFO | 2026-02-11T21:20:42.9663543Z | GET /static/css/bootstrap.min.css|200|::1|static
INFO | 2026-02-11T21:20:42.9742741Z | GET /static/css/site.css|200|::1|static
INFO | 2026-02-11T21:20:43.1710482Z | GET /static/css/bootstrap.min.css.map|404|::1|static
INFO | 2026-02-11T21:20:46.6332441Z | GET /admin/data/units-of-measure|GET|/admin/data/{type}|type=units-of-measure|200|::1
INFO | 2026-02-11T21:20:46.6718676Z | GET /.well-known/appspecific/com.chrome.devtools.json|404|::1
INFO | 2026-02-11T21:20:46.6767397Z | GET /static/css/bootstrap.min.css|200|::1|static
INFO | 2026-02-11T21:20:46.6810547Z | GET /static/css/site.css|200|::1|static
INFO | 2026-02-11T21:20:46.7676066Z | GET /static/css/bootstrap.min.css.map|404|::1|static
INFO | 2026-02-11T21:20:49.7227089Z | GET /admin/data/units-of-measure|GET|/admin/data/{type}|type=units-of-measure|200|::1
INFO | 2026-02-11T21:20:49.7771003Z | GET /.well-known/appspecific/com.chrome.devtools.json|404|::1
INFO | 2026-02-11T21:20:49.7784767Z | GET /static/css/bootstrap.min.css|200|::1|static
INFO | 2026-02-11T21:20:49.7798412Z | GET /static/css/site.css|200|::1|static
INFO | 2026-02-11T21:20:49.8678510Z | GET /static/css/bootstrap.min.css.map|404|::1|static
INFO | 2026-02-11T21:21:00.9157038Z | Log segment complete; cycling to next segment.
